VirtualBox COM Server 4.3.12 r93733 win.amd64 (May 16 2014 13:57:11) release log
00:00:00.004000 main     Log opened 2014-08-16T11:16:10.982776200Z
00:00:00.004000 main     Build Type: release
00:00:00.004000 main     OS Product: Windows 7
00:00:00.004000 main     OS Release: 6.1.7601
00:00:00.004000 main     OS Service Pack: 1
00:00:00.023001 main     DMI Product Name: Aspire 5755G
00:00:00.031001 main     DMI Product Version: V1.21
00:00:00.031001 main     Host RAM: 8043MB total, 4035MB available
00:00:00.031001 main     Executable: C:\Program Files\Oracle\VirtualBox\VBoxSVC.exe
00:00:00.031001 main     Process ID: 1640
00:00:00.031001 main     Package type: WINDOWS_64BITS_GENERIC
00:00:00.033001          Loading settings file "C:/Users/sam/.VirtualBox\VirtualBox.xml" with version "1.12-windows"
00:00:00.181010          usbLibDevCfgDrGet: DeviceIoControl 1 fail winEr (31)
00:00:00.612035          HostDnsMonitorProxy: Host's DNS information updated:
00:00:00.612035          DNS server 1: 8.8.8.8
00:00:00.613035          DNS server 2: 192.168.2.1
00:00:00.613035          VDInit finished
00:00:00.614035          Loading settings file "C:\Users\sam\VirtualBox VMs\RaspberryPi\RaspberryPi.vbox" with version "1.12-windows"
00:00:00.615035          Loading settings file "C:\Users\sam\VirtualBox VMs\LAMP\LAMP.vbox" with version "1.12-windows"
00:00:00.616035          Loading settings file "C:\Users\sam\VirtualBox VMs\sugar\sugar.vbox" with version "1.12-windows"
00:00:00.617035          Loading settings file "C:\Users\sam\VirtualBox VMs\vm\vm.vbox" with version "1.12-windows"
00:00:00.618035          Loading settings file "C:\Users\sam\VirtualBox VMs\Ubuntu server\Ubuntu server.vbox" with version "1.12-windows"
00:00:00.619035          Loading settings file "C:\Users\sam\VirtualBox VMs\BSD 9.2\BSD 9.2.vbox" with version "1.14-windows"
00:00:00.620035          Loading settings file "C:\Users\sam\VirtualBox VMs\FreeNAS\FreeNAS.vbox" with version "1.14-windows"
00:00:00.621035          Loading settings file "C:\Users\sam\VirtualBox VMs\test\test.vbox" with version "1.14-windows"
00:00:00.622035          Loading settings file "C:\Users\sam\VirtualBox VMs\icinga\icinga.vbox" with version "1.14-windows"
00:00:00.655037          ERROR [COM]: aRC=VBOX_E_OBJECT_NOT_FOUND (0x80bb0001) aIID={fafa4e17-1ee2-4905-a10e-fe7c18bf5554} aComponent={VirtualBox} aText={Could not find a registered machine named 'precise32'}, preserve=false
00:00:00.656037          ERROR [COM]: aRC=VBOX_E_FILE_ERROR (0x80bb0004) aIID={05f2bbb6-a3a6-4fb9-9b49-6d0dda7142ac} aComponent={Medium} aText={Could not find file for the medium 'C:\Users\sam\VirtualBox VMs\precise32\box-disk1.vmdk' (VERR_PATH_NOT_FOUND)}, preserve=false
00:00:00.709040          ERROR [COM]: aRC=VBOX_E_OBJECT_NOT_FOUND (0x80bb0001) aIID={fafa4e17-1ee2-4905-a10e-fe7c18bf5554} aComponent={VirtualBox} aText={Could not find a registered machine named 'precise32'}, preserve=false
00:00:00.710040          ERROR [COM]: aRC=VBOX_E_FILE_ERROR (0x80bb0004) aIID={05f2bbb6-a3a6-4fb9-9b49-6d0dda7142ac} aComponent={Medium} aText={Could not find file for the medium 'C:\Users\sam\VirtualBox VMs\precise32\box-disk1.vmdk' (VERR_PATH_NOT_FOUND)}, preserve=false
00:00:19.290103          ERROR [COM]: aRC=VBOX_E_OBJECT_NOT_FOUND (0x80bb0001) aIID={480cf695-2d8d-4256-9c7c-cce4184fa048} aComponent={SessionMachine} aText={No storage device attached to device slot 1 on port 0 of controller 'IDE Controller'}, preserve=false
00:00:19.290103          ERROR [COM]: aRC=VBOX_E_OBJECT_NOT_FOUND (0x80bb0001) aIID={480cf695-2d8d-4256-9c7c-cce4184fa048} aComponent={SessionMachine} aText={No storage device attached to device slot 1 on port 0 of controller 'IDE Controller'}, preserve=false
00:00:19.292103          ERROR [COM]: aRC=VBOX_E_OBJECT_NOT_FOUND (0x80bb0001) aIID={480cf695-2d8d-4256-9c7c-cce4184fa048} aComponent={SessionMachine} aText={No storage device attached to device slot 1 on port 1 of controller 'IDE Controller'}, preserve=false
00:00:19.292103          ERROR [COM]: aRC=VBOX_E_OBJECT_NOT_FOUND (0x80bb0001) aIID={480cf695-2d8d-4256-9c7c-cce4184fa048} aComponent={SessionMachine} aText={No storage device attached to device slot 1 on port 1 of controller 'IDE Controller'}, preserve=false
00:00:19.337106          ERROR [COM]: aRC=E_FAIL (0x80004005) aIID={480cf695-2d8d-4256-9c7c-cce4184fa048} aComponent={SessionMachine} aText={This machine does not have any snapshots}, preserve=false
00:00:21.009201          ERROR [COM]: aRC=VBOX_E_OBJECT_NOT_FOUND (0x80bb0001) aIID={480cf695-2d8d-4256-9c7c-cce4184fa048} aComponent={SessionMachine} aText={No storage device attached to device slot 1 on port 0 of controller 'IDE Controller'}, preserve=false
00:00:21.009201          ERROR [COM]: aRC=VBOX_E_OBJECT_NOT_FOUND (0x80bb0001) aIID={480cf695-2d8d-4256-9c7c-cce4184fa048} aComponent={SessionMachine} aText={No storage device attached to device slot 1 on port 0 of controller 'IDE Controller'}, preserve=false
00:00:21.011201          ERROR [COM]: aRC=VBOX_E_OBJECT_NOT_FOUND (0x80bb0001) aIID={480cf695-2d8d-4256-9c7c-cce4184fa048} aComponent={SessionMachine} aText={No storage device attached to device slot 1 on port 1 of controller 'IDE Controller'}, preserve=false
00:00:21.011201          ERROR [COM]: aRC=VBOX_E_OBJECT_NOT_FOUND (0x80bb0001) aIID={480cf695-2d8d-4256-9c7c-cce4184fa048} aComponent={SessionMachine} aText={No storage device attached to device slot 1 on port 1 of controller 'IDE Controller'}, preserve=false
00:00:21.052204          ERROR [COM]: aRC=E_FAIL (0x80004005) aIID={480cf695-2d8d-4256-9c7c-cce4184fa048} aComponent={SessionMachine} aText={This machine does not have any snapshots}, preserve=false
00:00:21.128208          ERROR [COM]: aRC=VBOX_E_OBJECT_NOT_FOUND (0x80bb0001) aIID={480cf695-2d8d-4256-9c7c-cce4184fa048} aComponent={SessionMachine} aText={No storage device attached to device slot 1 on port 0 of controller 'IDE Controller'}, preserve=false
00:00:21.128208          ERROR [COM]: aRC=VBOX_E_OBJECT_NOT_FOUND (0x80bb0001) aIID={480cf695-2d8d-4256-9c7c-cce4184fa048} aComponent={SessionMachine} aText={No storage device attached to device slot 1 on port 0 of controller 'IDE Controller'}, preserve=false
00:00:21.130208          ERROR [COM]: aRC=VBOX_E_OBJECT_NOT_FOUND (0x80bb0001) aIID={480cf695-2d8d-4256-9c7c-cce4184fa048} aComponent={SessionMachine} aText={No storage device attached to device slot 1 on port 1 of controller 'IDE Controller'}, preserve=false
00:00:21.130208          ERROR [COM]: aRC=VBOX_E_OBJECT_NOT_FOUND (0x80bb0001) aIID={480cf695-2d8d-4256-9c7c-cce4184fa048} aComponent={SessionMachine} aText={No storage device attached to device slot 1 on port 1 of controller 'IDE Controller'}, preserve=false
00:00:21.170210          ERROR [COM]: aRC=E_FAIL (0x80004005) aIID={480cf695-2d8d-4256-9c7c-cce4184fa048} aComponent={SessionMachine} aText={This machine does not have any snapshots}, preserve=false
00:00:21.252215          ERROR [COM]: aRC=VBOX_E_OBJECT_NOT_FOUND (0x80bb0001) aIID={480cf695-2d8d-4256-9c7c-cce4184fa048} aComponent={SessionMachine} aText={No storage device attached to device slot 1 on port 0 of controller 'IDE Controller'}, preserve=false
00:00:21.252215          ERROR [COM]: aRC=VBOX_E_OBJECT_NOT_FOUND (0x80bb0001) aIID={480cf695-2d8d-4256-9c7c-cce4184fa048} aComponent={SessionMachine} aText={No storage device attached to device slot 1 on port 0 of controller 'IDE Controller'}, preserve=false
00:00:21.254215          ERROR [COM]: aRC=VBOX_E_OBJECT_NOT_FOUND (0x80bb0001) aIID={480cf695-2d8d-4256-9c7c-cce4184fa048} aComponent={SessionMachine} aText={No storage device attached to device slot 1 on port 1 of controller 'IDE Controller'}, preserve=false
00:00:21.254215          ERROR [COM]: aRC=VBOX_E_OBJECT_NOT_FOUND (0x80bb0001) aIID={480cf695-2d8d-4256-9c7c-cce4184fa048} aComponent={SessionMachine} aText={No storage device attached to device slot 1 on port 1 of controller 'IDE Controller'}, preserve=false
00:00:21.293217          ERROR [COM]: aRC=E_FAIL (0x80004005) aIID={480cf695-2d8d-4256-9c7c-cce4184fa048} aComponent={SessionMachine} aText={This machine does not have any snapshots}, preserve=false
00:00:21.436226          ERROR [COM]: aRC=VBOX_E_OBJECT_NOT_FOUND (0x80bb0001) aIID={480cf695-2d8d-4256-9c7c-cce4184fa048} aComponent={SessionMachine} aText={No storage device attached to device slot 1 on port 0 of controller 'IDE Controller'}, preserve=false
00:00:21.436226          ERROR [COM]: aRC=VBOX_E_OBJECT_NOT_FOUND (0x80bb0001) aIID={480cf695-2d8d-4256-9c7c-cce4184fa048} aComponent={SessionMachine} aText={No storage device attached to device slot 1 on port 0 of controller 'IDE Controller'}, preserve=false
00:00:21.438226          ERROR [COM]: aRC=VBOX_E_OBJECT_NOT_FOUND (0x80bb0001) aIID={480cf695-2d8d-4256-9c7c-cce4184fa048} aComponent={SessionMachine} aText={No storage device attached to device slot 1 on port 1 of controller 'IDE Controller'}, preserve=false
00:00:21.438226          ERROR [COM]: aRC=VBOX_E_OBJECT_NOT_FOUND (0x80bb0001) aIID={480cf695-2d8d-4256-9c7c-cce4184fa048} aComponent={SessionMachine} aText={No storage device attached to device slot 1 on port 1 of controller 'IDE Controller'}, preserve=false
00:00:21.475228          ERROR [COM]: aRC=E_FAIL (0x80004005) aIID={480cf695-2d8d-4256-9c7c-cce4184fa048} aComponent={SessionMachine} aText={This machine does not have any snapshots}, preserve=false
00:00:21.729242          ERROR [COM]: aRC=VBOX_E_OBJECT_NOT_FOUND (0x80bb0001) aIID={480cf695-2d8d-4256-9c7c-cce4184fa048} aComponent={SessionMachine} aText={No storage device attached to device slot 1 on port 0 of controller 'IDE Controller'}, preserve=false
00:00:21.729242          ERROR [COM]: aRC=VBOX_E_OBJECT_NOT_FOUND (0x80bb0001) aIID={480cf695-2d8d-4256-9c7c-cce4184fa048} aComponent={SessionMachine} aText={No storage device attached to device slot 1 on port 0 of controller 'IDE Controller'}, preserve=false
00:00:21.731243          ERROR [COM]: aRC=VBOX_E_OBJECT_NOT_FOUND (0x80bb0001) aIID={480cf695-2d8d-4256-9c7c-cce4184fa048} aComponent={SessionMachine} aText={No storage device attached to device slot 1 on port 1 of controller 'IDE Controller'}, preserve=false
00:00:21.731243          ERROR [COM]: aRC=VBOX_E_OBJECT_NOT_FOUND (0x80bb0001) aIID={480cf695-2d8d-4256-9c7c-cce4184fa048} aComponent={SessionMachine} aText={No storage device attached to device slot 1 on port 1 of controller 'IDE Controller'}, preserve=false
00:00:21.772245          ERROR [COM]: aRC=E_FAIL (0x80004005) aIID={480cf695-2d8d-4256-9c7c-cce4184fa048} aComponent={SessionMachine} aText={This machine does not have any snapshots}, preserve=false
00:00:21.895252          ERROR [COM]: aRC=VBOX_E_OBJECT_NOT_FOUND (0x80bb0001) aIID={480cf695-2d8d-4256-9c7c-cce4184fa048} aComponent={SessionMachine} aText={No storage device attached to device slot 0 on port 0 of controller 'IDE Controller'}, preserve=false
00:00:21.895252          ERROR [COM]: aRC=VBOX_E_OBJECT_NOT_FOUND (0x80bb0001) aIID={480cf695-2d8d-4256-9c7c-cce4184fa048} aComponent={SessionMachine} aText={No storage device attached to device slot 0 on port 0 of controller 'IDE Controller'}, preserve=false
00:00:21.895252          ERROR [COM]: aRC=VBOX_E_OBJECT_NOT_FOUND (0x80bb0001) aIID={480cf695-2d8d-4256-9c7c-cce4184fa048} aComponent={SessionMachine} aText={No storage device attached to device slot 1 on port 0 of controller 'IDE Controller'}, preserve=false
00:00:21.895252          ERROR [COM]: aRC=VBOX_E_OBJECT_NOT_FOUND (0x80bb0001) aIID={480cf695-2d8d-4256-9c7c-cce4184fa048} aComponent={SessionMachine} aText={No storage device attached to device slot 1 on port 0 of controller 'IDE Controller'}, preserve=false
00:00:21.898252          ERROR [COM]: aRC=VBOX_E_OBJECT_NOT_FOUND (0x80bb0001) aIID={480cf695-2d8d-4256-9c7c-cce4184fa048} aComponent={SessionMachine} aText={No storage device attached to device slot 1 on port 1 of controller 'IDE Controller'}, preserve=false
00:00:21.898252          ERROR [COM]: aRC=VBOX_E_OBJECT_NOT_FOUND (0x80bb0001) aIID={480cf695-2d8d-4256-9c7c-cce4184fa048} aComponent={SessionMachine} aText={No storage device attached to device slot 1 on port 1 of controller 'IDE Controller'}, preserve=false
00:00:21.941255          ERROR [COM]: aRC=E_FAIL (0x80004005) aIID={480cf695-2d8d-4256-9c7c-cce4184fa048} aComponent={SessionMachine} aText={This machine does not have any snapshots}, preserve=false
00:00:22.009258          ERROR [COM]: aRC=VBOX_E_OBJECT_NOT_FOUND (0x80bb0001) aIID={480cf695-2d8d-4256-9c7c-cce4184fa048} aComponent={SessionMachine} aText={No storage device attached to device slot 0 on port 0 of controller 'IDE'}, preserve=false
00:00:22.009258          ERROR [COM]: aRC=VBOX_E_OBJECT_NOT_FOUND (0x80bb0001) aIID={480cf695-2d8d-4256-9c7c-cce4184fa048} aComponent={SessionMachine} aText={No storage device attached to device slot 0 on port 0 of controller 'IDE'}, preserve=false
00:00:22.009258          ERROR [COM]: aRC=VBOX_E_OBJECT_NOT_FOUND (0x80bb0001) aIID={480cf695-2d8d-4256-9c7c-cce4184fa048} aComponent={SessionMachine} aText={No storage device attached to device slot 1 on port 0 of controller 'IDE'}, preserve=false
00:00:22.009258          ERROR [COM]: aRC=VBOX_E_OBJECT_NOT_FOUND (0x80bb0001) aIID={480cf695-2d8d-4256-9c7c-cce4184fa048} aComponent={SessionMachine} aText={No storage device attached to device slot 1 on port 0 of controller 'IDE'}, preserve=false
00:00:22.012259          ERROR [COM]: aRC=VBOX_E_OBJECT_NOT_FOUND (0x80bb0001) aIID={480cf695-2d8d-4256-9c7c-cce4184fa048} aComponent={SessionMachine} aText={No storage device attached to device slot 1 on port 1 of controller 'IDE'}, preserve=false
00:00:22.012259          ERROR [COM]: aRC=VBOX_E_OBJECT_NOT_FOUND (0x80bb0001) aIID={480cf695-2d8d-4256-9c7c-cce4184fa048} aComponent={SessionMachine} aText={No storage device attached to device slot 1 on port 1 of controller 'IDE'}, preserve=false
00:00:22.052261          ERROR [COM]: aRC=E_FAIL (0x80004005) aIID={480cf695-2d8d-4256-9c7c-cce4184fa048} aComponent={SessionMachine} aText={This machine does not have any snapshots}, preserve=false
00:00:22.113264          ERROR [COM]: aRC=VBOX_E_OBJECT_NOT_FOUND (0x80bb0001) aIID={480cf695-2d8d-4256-9c7c-cce4184fa048} aComponent={SessionMachine} aText={No storage device attached to device slot 0 on port 0 of controller 'IDE'}, preserve=false
00:00:22.113264          ERROR [COM]: aRC=VBOX_E_OBJECT_NOT_FOUND (0x80bb0001) aIID={480cf695-2d8d-4256-9c7c-cce4184fa048} aComponent={SessionMachine} aText={No storage device attached to device slot 0 on port 0 of controller 'IDE'}, preserve=false
00:00:22.113264          ERROR [COM]: aRC=VBOX_E_OBJECT_NOT_FOUND (0x80bb0001) aIID={480cf695-2d8d-4256-9c7c-cce4184fa048} aComponent={SessionMachine} aText={No storage device attached to device slot 1 on port 0 of controller 'IDE'}, preserve=false
00:00:22.113264          ERROR [COM]: aRC=VBOX_E_OBJECT_NOT_FOUND (0x80bb0001) aIID={480cf695-2d8d-4256-9c7c-cce4184fa048} aComponent={SessionMachine} aText={No storage device attached to device slot 1 on port 0 of controller 'IDE'}, preserve=false
00:00:22.115264          ERROR [COM]: aRC=VBOX_E_OBJECT_NOT_FOUND (0x80bb0001) aIID={480cf695-2d8d-4256-9c7c-cce4184fa048} aComponent={SessionMachine} aText={No storage device attached to device slot 1 on port 1 of controller 'IDE'}, preserve=false
00:00:22.116265          ERROR [COM]: aRC=VBOX_E_OBJECT_NOT_FOUND (0x80bb0001) aIID={480cf695-2d8d-4256-9c7c-cce4184fa048} aComponent={SessionMachine} aText={No storage device attached to device slot 1 on port 1 of controller 'IDE'}, preserve=false
00:00:22.155267          ERROR [COM]: aRC=E_FAIL (0x80004005) aIID={480cf695-2d8d-4256-9c7c-cce4184fa048} aComponent={SessionMachine} aText={This machine does not have any snapshots}, preserve=false
00:00:22.217270          ERROR [COM]: aRC=VBOX_E_OBJECT_NOT_FOUND (0x80bb0001) aIID={480cf695-2d8d-4256-9c7c-cce4184fa048} aComponent={SessionMachine} aText={No storage device attached to device slot 0 on port 0 of controller 'IDE Controller'}, preserve=false
00:00:22.217270          ERROR [COM]: aRC=VBOX_E_OBJECT_NOT_FOUND (0x80bb0001) aIID={480cf695-2d8d-4256-9c7c-cce4184fa048} aComponent={SessionMachine} aText={No storage device attached to device slot 0 on port 0 of controller 'IDE Controller'}, preserve=false
00:00:22.217270          ERROR [COM]: aRC=VBOX_E_OBJECT_NOT_FOUND (0x80bb0001) aIID={480cf695-2d8d-4256-9c7c-cce4184fa048} aComponent={SessionMachine} aText={No storage device attached to device slot 1 on port 0 of controller 'IDE Controller'}, preserve=false
00:00:22.217270          ERROR [COM]: aRC=VBOX_E_OBJECT_NOT_FOUND (0x80bb0001) aIID={480cf695-2d8d-4256-9c7c-cce4184fa048} aComponent={SessionMachine} aText={No storage device attached to device slot 1 on port 0 of controller 'IDE Controller'}, preserve=false
00:00:22.220270          ERROR [COM]: aRC=VBOX_E_OBJECT_NOT_FOUND (0x80bb0001) aIID={480cf695-2d8d-4256-9c7c-cce4184fa048} aComponent={SessionMachine} aText={No storage device attached to device slot 1 on port 1 of controller 'IDE Controller'}, preserve=false
00:00:22.220270          ERROR [COM]: aRC=VBOX_E_OBJECT_NOT_FOUND (0x80bb0001) aIID={480cf695-2d8d-4256-9c7c-cce4184fa048} aComponent={SessionMachine} aText={No storage device attached to device slot 1 on port 1 of controller 'IDE Controller'}, preserve=false
00:00:22.223271          ERROR [COM]: aRC=VBOX_E_OBJECT_NOT_FOUND (0x80bb0001) aIID={480cf695-2d8d-4256-9c7c-cce4184fa048} aComponent={SessionMachine} aText={No storage device attached to device slot 0 on port 1 of controller 'SCSI Controller'}, preserve=false
00:00:22.224271          ERROR [COM]: aRC=VBOX_E_OBJECT_NOT_FOUND (0x80bb0001) aIID={480cf695-2d8d-4256-9c7c-cce4184fa048} aComponent={SessionMachine} aText={No storage device attached to device slot 0 on port 1 of controller 'SCSI Controller'}, preserve=false
00:00:22.224271          ERROR [COM]: aRC=VBOX_E_OBJECT_NOT_FOUND (0x80bb0001) aIID={480cf695-2d8d-4256-9c7c-cce4184fa048} aComponent={SessionMachine} aText={No storage device attached to device slot 0 on port 2 of controller 'SCSI Controller'}, preserve=false
00:00:22.224271          ERROR [COM]: aRC=VBOX_E_OBJECT_NOT_FOUND (0x80bb0001) aIID={480cf695-2d8d-4256-9c7c-cce4184fa048} aComponent={SessionMachine} aText={No storage device attached to device slot 0 on port 2 of controller 'SCSI Controller'}, preserve=false
00:00:22.224271          ERROR [COM]: aRC=VBOX_E_OBJECT_NOT_FOUND (0x80bb0001) aIID={480cf695-2d8d-4256-9c7c-cce4184fa048} aComponent={SessionMachine} aText={No storage device attached to device slot 0 on port 3 of controller 'SCSI Controller'}, preserve=false
00:00:22.224271          ERROR [COM]: aRC=VBOX_E_OBJECT_NOT_FOUND (0x80bb0001) aIID={480cf695-2d8d-4256-9c7c-cce4184fa048} aComponent={SessionMachine} aText={No storage device attached to device slot 0 on port 3 of controller 'SCSI Controller'}, preserve=false
00:00:22.224271          ERROR [COM]: aRC=VBOX_E_OBJECT_NOT_FOUND (0x80bb0001) aIID={480cf695-2d8d-4256-9c7c-cce4184fa048} aComponent={SessionMachine} aText={No storage device attached to device slot 0 on port 4 of controller 'SCSI Controller'}, preserve=false
00:00:22.224271          ERROR [COM]: aRC=VBOX_E_OBJECT_NOT_FOUND (0x80bb0001) aIID={480cf695-2d8d-4256-9c7c-cce4184fa048} aComponent={SessionMachine} aText={No storage device attached to device slot 0 on port 4 of controller 'SCSI Controller'}, preserve=false
00:00:22.224271          ERROR [COM]: aRC=VBOX_E_OBJECT_NOT_FOUND (0x80bb0001) aIID={480cf695-2d8d-4256-9c7c-cce4184fa048} aComponent={SessionMachine} aText={No storage device attached to device slot 0 on port 5 of controller 'SCSI Controller'}, preserve=false
00:00:22.224271          ERROR [COM]: aRC=VBOX_E_OBJECT_NOT_FOUND (0x80bb0001) aIID={480cf695-2d8d-4256-9c7c-cce4184fa048} aComponent={SessionMachine} aText={No storage device attached to device slot 0 on port 5 of controller 'SCSI Controller'}, preserve=false
00:00:22.224271          ERROR [COM]: aRC=VBOX_E_OBJECT_NOT_FOUND (0x80bb0001) aIID={480cf695-2d8d-4256-9c7c-cce4184fa048} aComponent={SessionMachine} aText={No storage device attached to device slot 0 on port 6 of controller 'SCSI Controller'}, preserve=false
00:00:22.224271          ERROR [COM]: aRC=VBOX_E_OBJECT_NOT_FOUND (0x80bb0001) aIID={480cf695-2d8d-4256-9c7c-cce4184fa048} aComponent={SessionMachine} aText={No storage device attached to device slot 0 on port 6 of controller 'SCSI Controller'}, preserve=false
00:00:22.225271          ERROR [COM]: aRC=VBOX_E_OBJECT_NOT_FOUND (0x80bb0001) aIID={480cf695-2d8d-4256-9c7c-cce4184fa048} aComponent={SessionMachine} aText={No storage device attached to device slot 0 on port 7 of controller 'SCSI Controller'}, preserve=false
00:00:22.225271          ERROR [COM]: aRC=VBOX_E_OBJECT_NOT_FOUND (0x80bb0001) aIID={480cf695-2d8d-4256-9c7c-cce4184fa048} aComponent={SessionMachine} aText={No storage device attached to device slot 0 on port 7 of controller 'SCSI Controller'}, preserve=false
00:00:22.225271          ERROR [COM]: aRC=VBOX_E_OBJECT_NOT_FOUND (0x80bb0001) aIID={480cf695-2d8d-4256-9c7c-cce4184fa048} aComponent={SessionMachine} aText={No storage device attached to device slot 0 on port 8 of controller 'SCSI Controller'}, preserve=false
00:00:22.225271          ERROR [COM]: aRC=VBOX_E_OBJECT_NOT_FOUND (0x80bb0001) aIID={480cf695-2d8d-4256-9c7c-cce4184fa048} aComponent={SessionMachine} aText={No storage device attached to device slot 0 on port 8 of controller 'SCSI Controller'}, preserve=false
00:00:22.225271          ERROR [COM]: aRC=VBOX_E_OBJECT_NOT_FOUND (0x80bb0001) aIID={480cf695-2d8d-4256-9c7c-cce4184fa048} aComponent={SessionMachine} aText={No storage device attached to device slot 0 on port 9 of controller 'SCSI Controller'}, preserve=false
00:00:22.225271          ERROR [COM]: aRC=VBOX_E_OBJECT_NOT_FOUND (0x80bb0001) aIID={480cf695-2d8d-4256-9c7c-cce4184fa048} aComponent={SessionMachine} aText={No storage device attached to device slot 0 on port 9 of controller 'SCSI Controller'}, preserve=false
00:00:22.225271          ERROR [COM]: aRC=VBOX_E_OBJECT_NOT_FOUND (0x80bb0001) aIID={480cf695-2d8d-4256-9c7c-cce4184fa048} aComponent={SessionMachine} aText={No storage device attached to device slot 0 on port 10 of controller 'SCSI Controller'}, preserve=false
00:00:22.225271          ERROR [COM]: aRC=VBOX_E_OBJECT_NOT_FOUND (0x80bb0001) aIID={480cf695-2d8d-4256-9c7c-cce4184fa048} aComponent={SessionMachine} aText={No storage device attached to device slot 0 on port 10 of controller 'SCSI Controller'}, preserve=false
00:00:22.225271          ERROR [COM]: aRC=VBOX_E_OBJECT_NOT_FOUND (0x80bb0001) aIID={480cf695-2d8d-4256-9c7c-cce4184fa048} aComponent={SessionMachine} aText={No storage device attached to device slot 0 on port 11 of controller 'SCSI Controller'}, preserve=false
00:00:22.225271          ERROR [COM]: aRC=VBOX_E_OBJECT_NOT_FOUND (0x80bb0001) aIID={480cf695-2d8d-4256-9c7c-cce4184fa048} aComponent={SessionMachine} aText={No storage device attached to device slot 0 on port 11 of controller 'SCSI Controller'}, preserve=false
00:00:22.225271          ERROR [COM]: aRC=VBOX_E_OBJECT_NOT_FOUND (0x80bb0001) aIID={480cf695-2d8d-4256-9c7c-cce4184fa048} aComponent={SessionMachine} aText={No storage device attached to device slot 0 on port 12 of controller 'SCSI Controller'}, preserve=false
00:00:22.226271          ERROR [COM]: aRC=VBOX_E_OBJECT_NOT_FOUND (0x80bb0001) aIID={480cf695-2d8d-4256-9c7c-cce4184fa048} aComponent={SessionMachine} aText={No storage device attached to device slot 0 on port 12 of controller 'SCSI Controller'}, preserve=false
00:00:22.226271          ERROR [COM]: aRC=VBOX_E_OBJECT_NOT_FOUND (0x80bb0001) aIID={480cf695-2d8d-4256-9c7c-cce4184fa048} aComponent={SessionMachine} aText={No storage device attached to device slot 0 on port 13 of controller 'SCSI Controller'}, preserve=false
00:00:22.226271          ERROR [COM]: aRC=VBOX_E_OBJECT_NOT_FOUND (0x80bb0001) aIID={480cf695-2d8d-4256-9c7c-cce4184fa048} aComponent={SessionMachine} aText={No storage device attached to device slot 0 on port 13 of controller 'SCSI Controller'}, preserve=false
00:00:22.226271          ERROR [COM]: aRC=VBOX_E_OBJECT_NOT_FOUND (0x80bb0001) aIID={480cf695-2d8d-4256-9c7c-cce4184fa048} aComponent={SessionMachine} aText={No storage device attached to device slot 0 on port 14 of controller 'SCSI Controller'}, preserve=false
00:00:22.226271          ERROR [COM]: aRC=VBOX_E_OBJECT_NOT_FOUND (0x80bb0001) aIID={480cf695-2d8d-4256-9c7c-cce4184fa048} aComponent={SessionMachine} aText={No storage device attached to device slot 0 on port 14 of controller 'SCSI Controller'}, preserve=false
00:00:22.226271          ERROR [COM]: aRC=VBOX_E_OBJECT_NOT_FOUND (0x80bb0001) aIID={480cf695-2d8d-4256-9c7c-cce4184fa048} aComponent={SessionMachine} aText={No storage device attached to device slot 0 on port 15 of controller 'SCSI Controller'}, preserve=false
00:00:22.226271          ERROR [COM]: aRC=VBOX_E_OBJECT_NOT_FOUND (0x80bb0001) aIID={480cf695-2d8d-4256-9c7c-cce4184fa048} aComponent={SessionMachine} aText={No storage device attached to device slot 0 on port 15 of controller 'SCSI Controller'}, preserve=false
00:00:22.262273          ERROR [COM]: aRC=E_FAIL (0x80004005) aIID={480cf695-2d8d-4256-9c7c-cce4184fa048} aComponent={SessionMachine} aText={This machine does not have any snapshots}, preserve=false
00:00:22.330277          ERROR [COM]: aRC=VBOX_E_OBJECT_NOT_FOUND (0x80bb0001) aIID={480cf695-2d8d-4256-9c7c-cce4184fa048} aComponent={SessionMachine} aText={No storage device attached to device slot 0 on port 0 of controller 'IDE'}, preserve=false
00:00:22.330277          ERROR [COM]: aRC=VBOX_E_OBJECT_NOT_FOUND (0x80bb0001) aIID={480cf695-2d8d-4256-9c7c-cce4184fa048} aComponent={SessionMachine} aText={No storage device attached to device slot 0 on port 0 of controller 'IDE'}, preserve=false
00:00:22.330277          ERROR [COM]: aRC=VBOX_E_OBJECT_NOT_FOUND (0x80bb0001) aIID={480cf695-2d8d-4256-9c7c-cce4184fa048} aComponent={SessionMachine} aText={No storage device attached to device slot 1 on port 0 of controller 'IDE'}, preserve=false
00:00:22.330277          ERROR [COM]: aRC=VBOX_E_OBJECT_NOT_FOUND (0x80bb0001) aIID={480cf695-2d8d-4256-9c7c-cce4184fa048} aComponent={SessionMachine} aText={No storage device attached to device slot 1 on port 0 of controller 'IDE'}, preserve=false
00:00:22.333277          ERROR [COM]: aRC=VBOX_E_OBJECT_NOT_FOUND (0x80bb0001) aIID={480cf695-2d8d-4256-9c7c-cce4184fa048} aComponent={SessionMachine} aText={No storage device attached to device slot 1 on port 1 of controller 'IDE'}, preserve=false
00:00:22.333277          ERROR [COM]: aRC=VBOX_E_OBJECT_NOT_FOUND (0x80bb0001) aIID={480cf695-2d8d-4256-9c7c-cce4184fa048} aComponent={SessionMachine} aText={No storage device attached to device slot 1 on port 1 of controller 'IDE'}, preserve=false
00:00:22.375279          ERROR [COM]: aRC=E_FAIL (0x80004005) aIID={480cf695-2d8d-4256-9c7c-cce4184fa048} aComponent={SessionMachine} aText={This machine does not have any snapshots}, preserve=false
00:00:22.448284          ERROR [COM]: aRC=VBOX_E_OBJECT_NOT_FOUND (0x80bb0001) aIID={480cf695-2d8d-4256-9c7c-cce4184fa048} aComponent={SessionMachine} aText={No storage device attached to device slot 1 on port 0 of controller 'IDE'}, preserve=false
00:00:22.448284          ERROR [COM]: aRC=VBOX_E_OBJECT_NOT_FOUND (0x80bb0001) aIID={480cf695-2d8d-4256-9c7c-cce4184fa048} aComponent={SessionMachine} aText={No storage device attached to device slot 1 on port 0 of controller 'IDE'}, preserve=false
00:00:22.450284          ERROR [COM]: aRC=VBOX_E_OBJECT_NOT_FOUND (0x80bb0001) aIID={480cf695-2d8d-4256-9c7c-cce4184fa048} aComponent={SessionMachine} aText={No storage device attached to device slot 1 on port 1 of controller 'IDE'}, preserve=false
00:00:22.450284          ERROR [COM]: aRC=VBOX_E_OBJECT_NOT_FOUND (0x80bb0001) aIID={480cf695-2d8d-4256-9c7c-cce4184fa048} aComponent={SessionMachine} aText={No storage device attached to device slot 1 on port 1 of controller 'IDE'}, preserve=false
00:00:22.488286          ERROR [COM]: aRC=E_FAIL (0x80004005) aIID={480cf695-2d8d-4256-9c7c-cce4184fa048} aComponent={SessionMachine} aText={This machine does not have any snapshots}, preserve=false
00:00:22.573291          ERROR [COM]: aRC=VBOX_E_OBJECT_NOT_FOUND (0x80bb0001) aIID={480cf695-2d8d-4256-9c7c-cce4184fa048} aComponent={SessionMachine} aText={No storage device attached to device slot 1 on port 1 of controller 'IDE'}, preserve=false
00:00:22.573291          ERROR [COM]: aRC=VBOX_E_OBJECT_NOT_FOUND (0x80bb0001) aIID={480cf695-2d8d-4256-9c7c-cce4184fa048} aComponent={SessionMachine} aText={No storage device attached to device slot 1 on port 1 of controller 'IDE'}, preserve=false
00:00:22.608293          ERROR [COM]: aRC=E_FAIL (0x80004005) aIID={480cf695-2d8d-4256-9c7c-cce4184fa048} aComponent={SessionMachine} aText={This machine does not have any snapshots}, preserve=false
00:00:22.725299          ERROR [COM]: aRC=E_FAIL (0x80004005) aIID={480cf695-2d8d-4256-9c7c-cce4184fa048} aComponent={SessionMachine} aText={This machine does not have any snapshots}, preserve=false
00:00:22.793303          ERROR [COM]: aRC=VBOX_E_OBJECT_NOT_FOUND (0x80bb0001) aIID={480cf695-2d8d-4256-9c7c-cce4184fa048} aComponent={SessionMachine} aText={No storage device attached to device slot 0 on port 0 of controller 'IDE'}, preserve=false
00:00:22.793303          ERROR [COM]: aRC=VBOX_E_OBJECT_NOT_FOUND (0x80bb0001) aIID={480cf695-2d8d-4256-9c7c-cce4184fa048} aComponent={SessionMachine} aText={No storage device attached to device slot 0 on port 0 of controller 'IDE'}, preserve=false
00:00:22.793303          ERROR [COM]: aRC=VBOX_E_OBJECT_NOT_FOUND (0x80bb0001) aIID={480cf695-2d8d-4256-9c7c-cce4184fa048} aComponent={SessionMachine} aText={No storage device attached to device slot 1 on port 0 of controller 'IDE'}, preserve=false
00:00:22.793303          ERROR [COM]: aRC=VBOX_E_OBJECT_NOT_FOUND (0x80bb0001) aIID={480cf695-2d8d-4256-9c7c-cce4184fa048} aComponent={SessionMachine} aText={No storage device attached to device slot 1 on port 0 of controller 'IDE'}, preserve=false
00:00:22.795303          ERROR [COM]: aRC=VBOX_E_OBJECT_NOT_FOUND (0x80bb0001) aIID={480cf695-2d8d-4256-9c7c-cce4184fa048} aComponent={SessionMachine} aText={No storage device attached to device slot 1 on port 1 of controller 'IDE'}, preserve=false
00:00:22.796303          ERROR [COM]: aRC=VBOX_E_OBJECT_NOT_FOUND (0x80bb0001) aIID={480cf695-2d8d-4256-9c7c-cce4184fa048} aComponent={SessionMachine} aText={No storage device attached to device slot 1 on port 1 of controller 'IDE'}, preserve=false
00:00:22.837306          ERROR [COM]: aRC=E_FAIL (0x80004005) aIID={480cf695-2d8d-4256-9c7c-cce4184fa048} aComponent={SessionMachine} aText={This machine does not have any snapshots}, preserve=false
00:00:22.910310          ERROR [COM]: aRC=VBOX_E_OBJECT_NOT_FOUND (0x80bb0001) aIID={480cf695-2d8d-4256-9c7c-cce4184fa048} aComponent={SessionMachine} aText={No storage device attached to device slot 1 on port 0 of controller 'IDE Controller'}, preserve=false
00:00:22.910310          ERROR [COM]: aRC=VBOX_E_OBJECT_NOT_FOUND (0x80bb0001) aIID={480cf695-2d8d-4256-9c7c-cce4184fa048} aComponent={SessionMachine} aText={No storage device attached to device slot 1 on port 0 of controller 'IDE Controller'}, preserve=false
00:00:22.912310          ERROR [COM]: aRC=VBOX_E_OBJECT_NOT_FOUND (0x80bb0001) aIID={480cf695-2d8d-4256-9c7c-cce4184fa048} aComponent={SessionMachine} aText={No storage device attached to device slot 1 on port 1 of controller 'IDE Controller'}, preserve=false
00:00:22.912310          ERROR [COM]: aRC=VBOX_E_OBJECT_NOT_FOUND (0x80bb0001) aIID={480cf695-2d8d-4256-9c7c-cce4184fa048} aComponent={SessionMachine} aText={No storage device attached to device slot 1 on port 1 of controller 'IDE Controller'}, preserve=false
00:00:22.953312          ERROR [COM]: aRC=E_FAIL (0x80004005) aIID={480cf695-2d8d-4256-9c7c-cce4184fa048} aComponent={SessionMachine} aText={This machine does not have any snapshots}, preserve=false
00:00:24.121379          ERROR [COM]: aRC=VBOX_E_OBJECT_NOT_FOUND (0x80bb0001) aIID={480cf695-2d8d-4256-9c7c-cce4184fa048} aComponent={SessionMachine} aText={No storage device attached to device slot 1 on port 0 of controller 'IDE Controller'}, preserve=false
00:00:24.121379          ERROR [COM]: aRC=VBOX_E_OBJECT_NOT_FOUND (0x80bb0001) aIID={480cf695-2d8d-4256-9c7c-cce4184fa048} aComponent={SessionMachine} aText={No storage device attached to device slot 1 on port 0 of controller 'IDE Controller'}, preserve=false
00:00:24.123379          ERROR [COM]: aRC=VBOX_E_OBJECT_NOT_FOUND (0x80bb0001) aIID={480cf695-2d8d-4256-9c7c-cce4184fa048} aComponent={SessionMachine} aText={No storage device attached to device slot 1 on port 1 of controller 'IDE Controller'}, preserve=false
00:00:24.123379          ERROR [COM]: aRC=VBOX_E_OBJECT_NOT_FOUND (0x80bb0001) aIID={480cf695-2d8d-4256-9c7c-cce4184fa048} aComponent={SessionMachine} aText={No storage device attached to device slot 1 on port 1 of controller 'IDE Controller'}, preserve=false
00:00:24.162382          ERROR [COM]: aRC=E_FAIL (0x80004005) aIID={480cf695-2d8d-4256-9c7c-cce4184fa048} aComponent={SessionMachine} aText={This machine does not have any snapshots}, preserve=false
00:00:24.510401          ERROR [COM]: aRC=VBOX_E_OBJECT_NOT_FOUND (0x80bb0001) aIID={480cf695-2d8d-4256-9c7c-cce4184fa048} aComponent={SessionMachine} aText={No storage device attached to device slot 1 on port 0 of controller 'IDE Controller'}, preserve=false
00:00:24.510401          ERROR [COM]: aRC=VBOX_E_OBJECT_NOT_FOUND (0x80bb0001) aIID={480cf695-2d8d-4256-9c7c-cce4184fa048} aComponent={SessionMachine} aText={No storage device attached to device slot 1 on port 0 of controller 'IDE Controller'}, preserve=false
00:00:24.512402          ERROR [COM]: aRC=VBOX_E_OBJECT_NOT_FOUND (0x80bb0001) aIID={480cf695-2d8d-4256-9c7c-cce4184fa048} aComponent={SessionMachine} aText={No storage device attached to device slot 1 on port 1 of controller 'IDE Controller'}, preserve=false
00:00:24.512402          ERROR [COM]: aRC=VBOX_E_OBJECT_NOT_FOUND (0x80bb0001) aIID={480cf695-2d8d-4256-9c7c-cce4184fa048} aComponent={SessionMachine} aText={No storage device attached to device slot 1 on port 1 of controller 'IDE Controller'}, preserve=false
00:00:24.554404          ERROR [COM]: aRC=E_FAIL (0x80004005) aIID={480cf695-2d8d-4256-9c7c-cce4184fa048} aComponent={SessionMachine} aText={This machine does not have any snapshots}, preserve=false
00:00:25.530493          ERROR [COM]: aRC=VBOX_E_OBJECT_NOT_FOUND (0x80bb0001) aIID={480cf695-2d8d-4256-9c7c-cce4184fa048} aComponent={SessionMachine} aText={No storage device attached to device slot 1 on port 0 of controller 'IDE Controller'}, preserve=false
00:00:25.530993          ERROR [COM]: aRC=VBOX_E_OBJECT_NOT_FOUND (0x80bb0001) aIID={480cf695-2d8d-4256-9c7c-cce4184fa048} aComponent={SessionMachine} aText={No storage device attached to device slot 1 on port 0 of controller 'IDE Controller'}, preserve=false
00:00:25.531993          ERROR [COM]: aRC=VBOX_E_OBJECT_NOT_FOUND (0x80bb0001) aIID={480cf695-2d8d-4256-9c7c-cce4184fa048} aComponent={SessionMachine} aText={No storage device attached to device slot 1 on port 1 of controller 'IDE Controller'}, preserve=false
00:00:25.531993          ERROR [COM]: aRC=VBOX_E_OBJECT_NOT_FOUND (0x80bb0001) aIID={480cf695-2d8d-4256-9c7c-cce4184fa048} aComponent={SessionMachine} aText={No storage device attached to device slot 1 on port 1 of controller 'IDE Controller'}, preserve=false
00:00:25.579499          ERROR [COM]: aRC=E_FAIL (0x80004005) aIID={480cf695-2d8d-4256-9c7c-cce4184fa048} aComponent={SessionMachine} aText={This machine does not have any snapshots}, preserve=false
00:00:25.978550          ERROR [COM]: aRC=VBOX_E_OBJECT_NOT_FOUND (0x80bb0001) aIID={480cf695-2d8d-4256-9c7c-cce4184fa048} aComponent={SessionMachine} aText={No storage device attached to device slot 1 on port 0 of controller 'IDE Controller'}, preserve=false
00:00:25.978550          ERROR [COM]: aRC=VBOX_E_OBJECT_NOT_FOUND (0x80bb0001) aIID={480cf695-2d8d-4256-9c7c-cce4184fa048} aComponent={SessionMachine} aText={No storage device attached to device slot 1 on port 0 of controller 'IDE Controller'}, preserve=false
00:00:25.979550          ERROR [COM]: aRC=VBOX_E_OBJECT_NOT_FOUND (0x80bb0001) aIID={480cf695-2d8d-4256-9c7c-cce4184fa048} aComponent={SessionMachine} aText={No storage device attached to device slot 1 on port 1 of controller 'IDE Controller'}, preserve=false
00:00:25.979550          ERROR [COM]: aRC=VBOX_E_OBJECT_NOT_FOUND (0x80bb0001) aIID={480cf695-2d8d-4256-9c7c-cce4184fa048} aComponent={SessionMachine} aText={No storage device attached to device slot 1 on port 1 of controller 'IDE Controller'}, preserve=false
00:00:26.026056          ERROR [COM]: aRC=E_FAIL (0x80004005) aIID={480cf695-2d8d-4256-9c7c-cce4184fa048} aComponent={SessionMachine} aText={This machine does not have any snapshots}, preserve=false
00:00:26.081563          ERROR [COM]: aRC=VBOX_E_OBJECT_NOT_FOUND (0x80bb0001) aIID={480cf695-2d8d-4256-9c7c-cce4184fa048} aComponent={SessionMachine} aText={No storage device attached to device slot 1 on port 0 of controller 'IDE Controller'}, preserve=false
00:00:26.081563          ERROR [COM]: aRC=VBOX_E_OBJECT_NOT_FOUND (0x80bb0001) aIID={480cf695-2d8d-4256-9c7c-cce4184fa048} aComponent={SessionMachine} aText={No storage device attached to device slot 1 on port 0 of controller 'IDE Controller'}, preserve=false
00:00:26.082563          ERROR [COM]: aRC=VBOX_E_OBJECT_NOT_FOUND (0x80bb0001) aIID={480cf695-2d8d-4256-9c7c-cce4184fa048} aComponent={SessionMachine} aText={No storage device attached to device slot 1 on port 1 of controller 'IDE Controller'}, preserve=false
00:00:26.082563          ERROR [COM]: aRC=VBOX_E_OBJECT_NOT_FOUND (0x80bb0001) aIID={480cf695-2d8d-4256-9c7c-cce4184fa048} aComponent={SessionMachine} aText={No storage device attached to device slot 1 on port 1 of controller 'IDE Controller'}, preserve=false
00:00:26.126069          ERROR [COM]: aRC=E_FAIL (0x80004005) aIID={480cf695-2d8d-4256-9c7c-cce4184fa048} aComponent={SessionMachine} aText={This machine does not have any snapshots}, preserve=false
00:00:26.189577          ERROR [COM]: aRC=VBOX_E_OBJECT_NOT_FOUND (0x80bb0001) aIID={480cf695-2d8d-4256-9c7c-cce4184fa048} aComponent={SessionMachine} aText={No storage device attached to device slot 1 on port 0 of controller 'IDE Controller'}, preserve=false
00:00:26.189577          ERROR [COM]: aRC=VBOX_E_OBJECT_NOT_FOUND (0x80bb0001) aIID={480cf695-2d8d-4256-9c7c-cce4184fa048} aComponent={SessionMachine} aText={No storage device attached to device slot 1 on port 0 of controller 'IDE Controller'}, preserve=false
00:00:26.191077          ERROR [COM]: aRC=VBOX_E_OBJECT_NOT_FOUND (0x80bb0001) aIID={480cf695-2d8d-4256-9c7c-cce4184fa048} aComponent={SessionMachine} aText={No storage device attached to device slot 1 on port 1 of controller 'IDE Controller'}, preserve=false
00:00:26.191077          ERROR [COM]: aRC=VBOX_E_OBJECT_NOT_FOUND (0x80bb0001) aIID={480cf695-2d8d-4256-9c7c-cce4184fa048} aComponent={SessionMachine} aText={No storage device attached to device slot 1 on port 1 of controller 'IDE Controller'}, preserve=false
00:00:26.238583          ERROR [COM]: aRC=E_FAIL (0x80004005) aIID={480cf695-2d8d-4256-9c7c-cce4184fa048} aComponent={SessionMachine} aText={This machine does not have any snapshots}, preserve=false
00:00:26.303091          ERROR [COM]: aRC=VBOX_E_OBJECT_NOT_FOUND (0x80bb0001) aIID={480cf695-2d8d-4256-9c7c-cce4184fa048} aComponent={SessionMachine} aText={No storage device attached to device slot 1 on port 0 of controller 'IDE Controller'}, preserve=false
00:00:26.303091          ERROR [COM]: aRC=VBOX_E_OBJECT_NOT_FOUND (0x80bb0001) aIID={480cf695-2d8d-4256-9c7c-cce4184fa048} aComponent={SessionMachine} aText={No storage device attached to device slot 1 on port 0 of controller 'IDE Controller'}, preserve=false
00:00:26.304591          ERROR [COM]: aRC=VBOX_E_OBJECT_NOT_FOUND (0x80bb0001) aIID={480cf695-2d8d-4256-9c7c-cce4184fa048} aComponent={SessionMachine} aText={No storage device attached to device slot 1 on port 1 of controller 'IDE Controller'}, preserve=false
00:00:26.304591          ERROR [COM]: aRC=VBOX_E_OBJECT_NOT_FOUND (0x80bb0001) aIID={480cf695-2d8d-4256-9c7c-cce4184fa048} aComponent={SessionMachine} aText={No storage device attached to device slot 1 on port 1 of controller 'IDE Controller'}, preserve=false
00:00:26.349597          ERROR [COM]: aRC=E_FAIL (0x80004005) aIID={480cf695-2d8d-4256-9c7c-cce4184fa048} aComponent={SessionMachine} aText={This machine does not have any snapshots}, preserve=false
00:00:26.696641          ERROR [COM]: aRC=VBOX_E_OBJECT_NOT_FOUND (0x80bb0001) aIID={480cf695-2d8d-4256-9c7c-cce4184fa048} aComponent={SessionMachine} aText={No storage device attached to device slot 1 on port 0 of controller 'IDE Controller'}, preserve=false
00:00:26.696641          ERROR [COM]: aRC=VBOX_E_OBJECT_NOT_FOUND (0x80bb0001) aIID={480cf695-2d8d-4256-9c7c-cce4184fa048} aComponent={SessionMachine} aText={No storage device attached to device slot 1 on port 0 of controller 'IDE Controller'}, preserve=false
00:00:26.697641          ERROR [COM]: aRC=VBOX_E_OBJECT_NOT_FOUND (0x80bb0001) aIID={480cf695-2d8d-4256-9c7c-cce4184fa048} aComponent={SessionMachine} aText={No storage device attached to device slot 1 on port 1 of controller 'IDE Controller'}, preserve=false
00:00:26.697641          ERROR [COM]: aRC=VBOX_E_OBJECT_NOT_FOUND (0x80bb0001) aIID={480cf695-2d8d-4256-9c7c-cce4184fa048} aComponent={SessionMachine} aText={No storage device attached to device slot 1 on port 1 of controller 'IDE Controller'}, preserve=false
00:00:26.742647          ERROR [COM]: aRC=E_FAIL (0x80004005) aIID={480cf695-2d8d-4256-9c7c-cce4184fa048} aComponent={SessionMachine} aText={This machine does not have any snapshots}, preserve=false
00:00:27.806282          ERROR [COM]: aRC=VBOX_E_OBJECT_NOT_FOUND (0x80bb0001) aIID={480cf695-2d8d-4256-9c7c-cce4184fa048} aComponent={SessionMachine} aText={No storage device attached to device slot 1 on port 0 of controller 'IDE Controller'}, preserve=false
00:00:27.806782          ERROR [COM]: aRC=VBOX_E_OBJECT_NOT_FOUND (0x80bb0001) aIID={480cf695-2d8d-4256-9c7c-cce4184fa048} aComponent={SessionMachine} aText={No storage device attached to device slot 1 on port 0 of controller 'IDE Controller'}, preserve=false
00:00:27.807782          ERROR [COM]: aRC=VBOX_E_OBJECT_NOT_FOUND (0x80bb0001) aIID={480cf695-2d8d-4256-9c7c-cce4184fa048} aComponent={SessionMachine} aText={No storage device attached to device slot 1 on port 1 of controller 'IDE Controller'}, preserve=false
00:00:27.807782          ERROR [COM]: aRC=VBOX_E_OBJECT_NOT_FOUND (0x80bb0001) aIID={480cf695-2d8d-4256-9c7c-cce4184fa048} aComponent={SessionMachine} aText={No storage device attached to device slot 1 on port 1 of controller 'IDE Controller'}, preserve=false
00:00:27.853788          ERROR [COM]: aRC=E_FAIL (0x80004005) aIID={480cf695-2d8d-4256-9c7c-cce4184fa048} aComponent={SessionMachine} aText={This machine does not have any snapshots}, preserve=false
00:00:28.915423          ERROR [COM]: aRC=VBOX_E_OBJECT_NOT_FOUND (0x80bb0001) aIID={480cf695-2d8d-4256-9c7c-cce4184fa048} aComponent={SessionMachine} aText={No storage device attached to device slot 1 on port 0 of controller 'IDE Controller'}, preserve=false
00:00:28.915423          ERROR [COM]: aRC=VBOX_E_OBJECT_NOT_FOUND (0x80bb0001) aIID={480cf695-2d8d-4256-9c7c-cce4184fa048} aComponent={SessionMachine} aText={No storage device attached to device slot 1 on port 0 of controller 'IDE Controller'}, preserve=false
00:00:28.916423          ERROR [COM]: aRC=VBOX_E_OBJECT_NOT_FOUND (0x80bb0001) aIID={480cf695-2d8d-4256-9c7c-cce4184fa048} aComponent={SessionMachine} aText={No storage device attached to device slot 1 on port 1 of controller 'IDE Controller'}, preserve=false
00:00:28.916423          ERROR [COM]: aRC=VBOX_E_OBJECT_NOT_FOUND (0x80bb0001) aIID={480cf695-2d8d-4256-9c7c-cce4184fa048} aComponent={SessionMachine} aText={No storage device attached to device slot 1 on port 1 of controller 'IDE Controller'}, preserve=false
00:00:28.964429          ERROR [COM]: aRC=E_FAIL (0x80004005) aIID={480cf695-2d8d-4256-9c7c-cce4184fa048} aComponent={SessionMachine} aText={This machine does not have any snapshots}, preserve=false
00:00:30.040566          ERROR [COM]: aRC=VBOX_E_OBJECT_NOT_FOUND (0x80bb0001) aIID={480cf695-2d8d-4256-9c7c-cce4184fa048} aComponent={SessionMachine} aText={No storage device attached to device slot 1 on port 0 of controller 'IDE Controller'}, preserve=false
00:00:30.040566          ERROR [COM]: aRC=VBOX_E_OBJECT_NOT_FOUND (0x80bb0001) aIID={480cf695-2d8d-4256-9c7c-cce4184fa048} aComponent={SessionMachine} aText={No storage device attached to device slot 1 on port 0 of controller 'IDE Controller'}, preserve=false
00:00:30.042066          ERROR [COM]: aRC=VBOX_E_OBJECT_NOT_FOUND (0x80bb0001) aIID={480cf695-2d8d-4256-9c7c-cce4184fa048} aComponent={SessionMachine} aText={No storage device attached to device slot 1 on port 1 of controller 'IDE Controller'}, preserve=false
00:00:30.042066          ERROR [COM]: aRC=VBOX_E_OBJECT_NOT_FOUND (0x80bb0001) aIID={480cf695-2d8d-4256-9c7c-cce4184fa048} aComponent={SessionMachine} aText={No storage device attached to device slot 1 on port 1 of controller 'IDE Controller'}, preserve=false
00:00:30.087072          ERROR [COM]: aRC=E_FAIL (0x80004005) aIID={480cf695-2d8d-4256-9c7c-cce4184fa048} aComponent={SessionMachine} aText={This machine does not have any snapshots}, preserve=false
00:00:31.151207          ERROR [COM]: aRC=VBOX_E_OBJECT_NOT_FOUND (0x80bb0001) aIID={480cf695-2d8d-4256-9c7c-cce4184fa048} aComponent={SessionMachine} aText={No storage device attached to device slot 1 on port 0 of controller 'IDE Controller'}, preserve=false
00:00:31.151207          ERROR [COM]: aRC=VBOX_E_OBJECT_NOT_FOUND (0x80bb0001) aIID={480cf695-2d8d-4256-9c7c-cce4184fa048} aComponent={SessionMachine} aText={No storage device attached to device slot 1 on port 0 of controller 'IDE Controller'}, preserve=false
00:00:31.152707          ERROR [COM]: aRC=VBOX_E_OBJECT_NOT_FOUND (0x80bb0001) aIID={480cf695-2d8d-4256-9c7c-cce4184fa048} aComponent={SessionMachine} aText={No storage device attached to device slot 1 on port 1 of controller 'IDE Controller'}, preserve=false
00:00:31.152707          ERROR [COM]: aRC=VBOX_E_OBJECT_NOT_FOUND (0x80bb0001) aIID={480cf695-2d8d-4256-9c7c-cce4184fa048} aComponent={SessionMachine} aText={No storage device attached to device slot 1 on port 1 of controller 'IDE Controller'}, preserve=false
00:00:31.209214          ERROR [COM]: aRC=E_FAIL (0x80004005) aIID={480cf695-2d8d-4256-9c7c-cce4184fa048} aComponent={SessionMachine} aText={This machine does not have any snapshots}, preserve=false
00:00:32.280350          ERROR [COM]: aRC=VBOX_E_OBJECT_NOT_FOUND (0x80bb0001) aIID={480cf695-2d8d-4256-9c7c-cce4184fa048} aComponent={SessionMachine} aText={No storage device attached to device slot 1 on port 0 of controller 'IDE Controller'}, preserve=false
00:00:32.280350          ERROR [COM]: aRC=VBOX_E_OBJECT_NOT_FOUND (0x80bb0001) aIID={480cf695-2d8d-4256-9c7c-cce4184fa048} aComponent={SessionMachine} aText={No storage device attached to device slot 1 on port 0 of controller 'IDE Controller'}, preserve=false
00:00:32.281850          ERROR [COM]: aRC=VBOX_E_OBJECT_NOT_FOUND (0x80bb0001) aIID={480cf695-2d8d-4256-9c7c-cce4184fa048} aComponent={SessionMachine} aText={No storage device attached to device slot 1 on port 1 of controller 'IDE Controller'}, preserve=false
00:00:32.281850          ERROR [COM]: aRC=VBOX_E_OBJECT_NOT_FOUND (0x80bb0001) aIID={480cf695-2d8d-4256-9c7c-cce4184fa048} aComponent={SessionMachine} aText={No storage device attached to device slot 1 on port 1 of controller 'IDE Controller'}, preserve=false
00:00:32.336357          ERROR [COM]: aRC=E_FAIL (0x80004005) aIID={480cf695-2d8d-4256-9c7c-cce4184fa048} aComponent={SessionMachine} aText={This machine does not have any snapshots}, preserve=false
00:00:33.008943          ERROR [COM]: aRC=VBOX_E_OBJECT_NOT_FOUND (0x80bb0001) aIID={480cf695-2d8d-4256-9c7c-cce4184fa048} aComponent={SessionMachine} aText={No storage device attached to device slot 1 on port 0 of controller 'IDE Controller'}, preserve=false
00:00:33.008943          ERROR [COM]: aRC=VBOX_E_OBJECT_NOT_FOUND (0x80bb0001) aIID={480cf695-2d8d-4256-9c7c-cce4184fa048} aComponent={SessionMachine} aText={No storage device attached to device slot 1 on port 0 of controller 'IDE Controller'}, preserve=false
00:00:33.009943          ERROR [COM]: aRC=VBOX_E_OBJECT_NOT_FOUND (0x80bb0001) aIID={480cf695-2d8d-4256-9c7c-cce4184fa048} aComponent={SessionMachine} aText={No storage device attached to device slot 1 on port 1 of controller 'IDE Controller'}, preserve=false
00:00:33.009943          ERROR [COM]: aRC=VBOX_E_OBJECT_NOT_FOUND (0x80bb0001) aIID={480cf695-2d8d-4256-9c7c-cce4184fa048} aComponent={SessionMachine} aText={No storage device attached to device slot 1 on port 1 of controller 'IDE Controller'}, preserve=false
00:00:33.064450          ERROR [COM]: aRC=E_FAIL (0x80004005) aIID={480cf695-2d8d-4256-9c7c-cce4184fa048} aComponent={SessionMachine} aText={This machine does not have any snapshots}, preserve=false
00:00:33.125457          ERROR [COM]: aRC=VBOX_E_OBJECT_NOT_FOUND (0x80bb0001) aIID={480cf695-2d8d-4256-9c7c-cce4184fa048} aComponent={SessionMachine} aText={No storage device attached to device slot 1 on port 0 of controller 'IDE Controller'}, preserve=false
00:00:33.125457          ERROR [COM]: aRC=VBOX_E_OBJECT_NOT_FOUND (0x80bb0001) aIID={480cf695-2d8d-4256-9c7c-cce4184fa048} aComponent={SessionMachine} aText={No storage device attached to device slot 1 on port 0 of controller 'IDE Controller'}, preserve=false
00:00:33.126458          ERROR [COM]: aRC=VBOX_E_OBJECT_NOT_FOUND (0x80bb0001) aIID={480cf695-2d8d-4256-9c7c-cce4184fa048} aComponent={SessionMachine} aText={No storage device attached to device slot 1 on port 1 of controller 'IDE Controller'}, preserve=false
00:00:33.126458          ERROR [COM]: aRC=VBOX_E_OBJECT_NOT_FOUND (0x80bb0001) aIID={480cf695-2d8d-4256-9c7c-cce4184fa048} aComponent={SessionMachine} aText={No storage device attached to device slot 1 on port 1 of controller 'IDE Controller'}, preserve=false
00:00:33.181465          ERROR [COM]: aRC=E_FAIL (0x80004005) aIID={480cf695-2d8d-4256-9c7c-cce4184fa048} aComponent={SessionMachine} aText={This machine does not have any snapshots}, preserve=false
00:00:33.399992          ERROR [COM]: aRC=VBOX_E_OBJECT_NOT_FOUND (0x80bb0001) aIID={480cf695-2d8d-4256-9c7c-cce4184fa048} aComponent={SessionMachine} aText={No storage device attached to device slot 1 on port 0 of controller 'IDE Controller'}, preserve=false
00:00:33.399992          ERROR [COM]: aRC=VBOX_E_OBJECT_NOT_FOUND (0x80bb0001) aIID={480cf695-2d8d-4256-9c7c-cce4184fa048} aComponent={SessionMachine} aText={No storage device attached to device slot 1 on port 0 of controller 'IDE Controller'}, preserve=false
00:00:33.400992          ERROR [COM]: aRC=VBOX_E_OBJECT_NOT_FOUND (0x80bb0001) aIID={480cf695-2d8d-4256-9c7c-cce4184fa048} aComponent={SessionMachine} aText={No storage device attached to device slot 1 on port 1 of controller 'IDE Controller'}, preserve=false
00:00:33.400992          ERROR [COM]: aRC=VBOX_E_OBJECT_NOT_FOUND (0x80bb0001) aIID={480cf695-2d8d-4256-9c7c-cce4184fa048} aComponent={SessionMachine} aText={No storage device attached to device slot 1 on port 1 of controller 'IDE Controller'}, preserve=false
00:00:33.455999          ERROR [COM]: aRC=E_FAIL (0x80004005) aIID={480cf695-2d8d-4256-9c7c-cce4184fa048} aComponent={SessionMachine} aText={This machine does not have any snapshots}, preserve=false
00:00:33.582515          ERROR [COM]: aRC=VBOX_E_OBJECT_NOT_FOUND (0x80bb0001) aIID={480cf695-2d8d-4256-9c7c-cce4184fa048} aComponent={SessionMachine} aText={No storage device attached to device slot 1 on port 0 of controller 'IDE Controller'}, preserve=false
00:00:33.582515          ERROR [COM]: aRC=VBOX_E_OBJECT_NOT_FOUND (0x80bb0001) aIID={480cf695-2d8d-4256-9c7c-cce4184fa048} aComponent={SessionMachine} aText={No storage device attached to device slot 1 on port 0 of controller 'IDE Controller'}, preserve=false
00:00:33.583516          ERROR [COM]: aRC=VBOX_E_OBJECT_NOT_FOUND (0x80bb0001) aIID={480cf695-2d8d-4256-9c7c-cce4184fa048} aComponent={SessionMachine} aText={No storage device attached to device slot 1 on port 1 of controller 'IDE Controller'}, preserve=false
00:00:33.583516          ERROR [COM]: aRC=VBOX_E_OBJECT_NOT_FOUND (0x80bb0001) aIID={480cf695-2d8d-4256-9c7c-cce4184fa048} aComponent={SessionMachine} aText={No storage device attached to device slot 1 on port 1 of controller 'IDE Controller'}, preserve=false
00:00:33.636522          ERROR [COM]: aRC=E_FAIL (0x80004005) aIID={480cf695-2d8d-4256-9c7c-cce4184fa048} aComponent={SessionMachine} aText={This machine does not have any snapshots}, preserve=false
00:00:33.700530          ERROR [COM]: aRC=VBOX_E_OBJECT_NOT_FOUND (0x80bb0001) aIID={480cf695-2d8d-4256-9c7c-cce4184fa048} aComponent={SessionMachine} aText={No storage device attached to device slot 1 on port 0 of controller 'IDE Controller'}, preserve=false
00:00:33.700530          ERROR [COM]: aRC=VBOX_E_OBJECT_NOT_FOUND (0x80bb0001) aIID={480cf695-2d8d-4256-9c7c-cce4184fa048} aComponent={SessionMachine} aText={No storage device attached to device slot 1 on port 0 of controller 'IDE Controller'}, preserve=false
00:00:33.701531          ERROR [COM]: aRC=VBOX_E_OBJECT_NOT_FOUND (0x80bb0001) aIID={480cf695-2d8d-4256-9c7c-cce4184fa048} aComponent={SessionMachine} aText={No storage device attached to device slot 1 on port 1 of controller 'IDE Controller'}, preserve=false
00:00:33.701531          ERROR [COM]: aRC=VBOX_E_OBJECT_NOT_FOUND (0x80bb0001) aIID={480cf695-2d8d-4256-9c7c-cce4184fa048} aComponent={SessionMachine} aText={No storage device attached to device slot 1 on port 1 of controller 'IDE Controller'}, preserve=false
00:00:33.756037          ERROR [COM]: aRC=E_FAIL (0x80004005) aIID={480cf695-2d8d-4256-9c7c-cce4184fa048} aComponent={SessionMachine} aText={This machine does not have any snapshots}, preserve=false
00:00:33.814045          ERROR [COM]: aRC=VBOX_E_OBJECT_NOT_FOUND (0x80bb0001) aIID={480cf695-2d8d-4256-9c7c-cce4184fa048} aComponent={SessionMachine} aText={No storage device attached to device slot 1 on port 0 of controller 'IDE Controller'}, preserve=false
00:00:33.814045          ERROR [COM]: aRC=VBOX_E_OBJECT_NOT_FOUND (0x80bb0001) aIID={480cf695-2d8d-4256-9c7c-cce4184fa048} aComponent={SessionMachine} aText={No storage device attached to device slot 1 on port 0 of controller 'IDE Controller'}, preserve=false
00:00:33.815045          ERROR [COM]: aRC=VBOX_E_OBJECT_NOT_FOUND (0x80bb0001) aIID={480cf695-2d8d-4256-9c7c-cce4184fa048} aComponent={SessionMachine} aText={No storage device attached to device slot 1 on port 1 of controller 'IDE Controller'}, preserve=false
00:00:33.815045          ERROR [COM]: aRC=VBOX_E_OBJECT_NOT_FOUND (0x80bb0001) aIID={480cf695-2d8d-4256-9c7c-cce4184fa048} aComponent={SessionMachine} aText={No storage device attached to device slot 1 on port 1 of controller 'IDE Controller'}, preserve=false
00:00:33.868052          ERROR [COM]: aRC=E_FAIL (0x80004005) aIID={480cf695-2d8d-4256-9c7c-cce4184fa048} aComponent={SessionMachine} aText={This machine does not have any snapshots}, preserve=false
00:01:12.040899          ERROR [COM]: aRC=VBOX_E_OBJECT_NOT_FOUND (0x80bb0001) aIID={480cf695-2d8d-4256-9c7c-cce4184fa048} aComponent={SessionMachine} aText={No storage device attached to device slot 1 on port 0 of controller 'IDE Controller'}, preserve=false
00:01:12.040899          ERROR [COM]: aRC=VBOX_E_OBJECT_NOT_FOUND (0x80bb0001) aIID={480cf695-2d8d-4256-9c7c-cce4184fa048} aComponent={SessionMachine} aText={No storage device attached to device slot 1 on port 0 of controller 'IDE Controller'}, preserve=false
00:01:12.041899          ERROR [COM]: aRC=VBOX_E_OBJECT_NOT_FOUND (0x80bb0001) aIID={480cf695-2d8d-4256-9c7c-cce4184fa048} aComponent={SessionMachine} aText={No storage device attached to device slot 1 on port 1 of controller 'IDE Controller'}, preserve=false
00:01:12.041899          ERROR [COM]: aRC=VBOX_E_OBJECT_NOT_FOUND (0x80bb0001) aIID={480cf695-2d8d-4256-9c7c-cce4184fa048} aComponent={SessionMachine} aText={No storage device attached to device slot 1 on port 1 of controller 'IDE Controller'}, preserve=false
00:01:12.096406          ERROR [COM]: aRC=E_FAIL (0x80004005) aIID={480cf695-2d8d-4256-9c7c-cce4184fa048} aComponent={SessionMachine} aText={This machine does not have any snapshots}, preserve=false
00:01:12.585968          ERROR [COM]: aRC=VBOX_E_OBJECT_NOT_FOUND (0x80bb0001) aIID={480cf695-2d8d-4256-9c7c-cce4184fa048} aComponent={SessionMachine} aText={No storage device attached to device slot 1 on port 0 of controller 'IDE Controller'}, preserve=false
00:01:12.585968          ERROR [COM]: aRC=VBOX_E_OBJECT_NOT_FOUND (0x80bb0001) aIID={480cf695-2d8d-4256-9c7c-cce4184fa048} aComponent={SessionMachine} aText={No storage device attached to device slot 1 on port 0 of controller 'IDE Controller'}, preserve=false
00:01:12.587468          ERROR [COM]: aRC=VBOX_E_OBJECT_NOT_FOUND (0x80bb0001) aIID={480cf695-2d8d-4256-9c7c-cce4184fa048} aComponent={SessionMachine} aText={No storage device attached to device slot 1 on port 1 of controller 'IDE Controller'}, preserve=false
00:01:12.587468          ERROR [COM]: aRC=VBOX_E_OBJECT_NOT_FOUND (0x80bb0001) aIID={480cf695-2d8d-4256-9c7c-cce4184fa048} aComponent={SessionMachine} aText={No storage device attached to device slot 1 on port 1 of controller 'IDE Controller'}, preserve=false
00:01:12.641475          ERROR [COM]: aRC=E_FAIL (0x80004005) aIID={480cf695-2d8d-4256-9c7c-cce4184fa048} aComponent={SessionMachine} aText={This machine does not have any snapshots}, preserve=false
00:01:12.928012          ERROR [COM]: aRC=VBOX_E_OBJECT_NOT_FOUND (0x80bb0001) aIID={480cf695-2d8d-4256-9c7c-cce4184fa048} aComponent={SessionMachine} aText={No storage device attached to device slot 1 on port 0 of controller 'IDE Controller'}, preserve=false
00:01:12.928012          ERROR [COM]: aRC=VBOX_E_OBJECT_NOT_FOUND (0x80bb0001) aIID={480cf695-2d8d-4256-9c7c-cce4184fa048} aComponent={SessionMachine} aText={No storage device attached to device slot 1 on port 0 of controller 'IDE Controller'}, preserve=false
00:01:12.929012          ERROR [COM]: aRC=VBOX_E_OBJECT_NOT_FOUND (0x80bb0001) aIID={480cf695-2d8d-4256-9c7c-cce4184fa048} aComponent={SessionMachine} aText={No storage device attached to device slot 1 on port 1 of controller 'IDE Controller'}, preserve=false
00:01:12.929012          ERROR [COM]: aRC=VBOX_E_OBJECT_NOT_FOUND (0x80bb0001) aIID={480cf695-2d8d-4256-9c7c-cce4184fa048} aComponent={SessionMachine} aText={No storage device attached to device slot 1 on port 1 of controller 'IDE Controller'}, preserve=false
00:01:12.982519          ERROR [COM]: aRC=E_FAIL (0x80004005) aIID={480cf695-2d8d-4256-9c7c-cce4184fa048} aComponent={SessionMachine} aText={This machine does not have any snapshots}, preserve=false
00:01:13.048527          ERROR [COM]: aRC=VBOX_E_OBJECT_NOT_FOUND (0x80bb0001) aIID={480cf695-2d8d-4256-9c7c-cce4184fa048} aComponent={SessionMachine} aText={No storage device attached to device slot 1 on port 0 of controller 'IDE Controller'}, preserve=false
00:01:13.048527          ERROR [COM]: aRC=VBOX_E_OBJECT_NOT_FOUND (0x80bb0001) aIID={480cf695-2d8d-4256-9c7c-cce4184fa048} aComponent={SessionMachine} aText={No storage device attached to device slot 1 on port 0 of controller 'IDE Controller'}, preserve=false
00:01:13.049527          ERROR [COM]: aRC=VBOX_E_OBJECT_NOT_FOUND (0x80bb0001) aIID={480cf695-2d8d-4256-9c7c-cce4184fa048} aComponent={SessionMachine} aText={No storage device attached to device slot 1 on port 1 of controller 'IDE Controller'}, preserve=false
00:01:13.050027          ERROR [COM]: aRC=VBOX_E_OBJECT_NOT_FOUND (0x80bb0001) aIID={480cf695-2d8d-4256-9c7c-cce4184fa048} aComponent={SessionMachine} aText={No storage device attached to device slot 1 on port 1 of controller 'IDE Controller'}, preserve=false
00:01:13.103534          ERROR [COM]: aRC=E_FAIL (0x80004005) aIID={480cf695-2d8d-4256-9c7c-cce4184fa048} aComponent={SessionMachine} aText={This machine does not have any snapshots}, preserve=false
00:01:13.171543          ERROR [COM]: aRC=VBOX_E_OBJECT_NOT_FOUND (0x80bb0001) aIID={480cf695-2d8d-4256-9c7c-cce4184fa048} aComponent={SessionMachine} aText={No storage device attached to device slot 1 on port 0 of controller 'IDE Controller'}, preserve=false
00:01:13.171543          ERROR [COM]: aRC=VBOX_E_OBJECT_NOT_FOUND (0x80bb0001) aIID={480cf695-2d8d-4256-9c7c-cce4184fa048} aComponent={SessionMachine} aText={No storage device attached to device slot 1 on port 0 of controller 'IDE Controller'}, preserve=false
00:01:13.172543          ERROR [COM]: aRC=VBOX_E_OBJECT_NOT_FOUND (0x80bb0001) aIID={480cf695-2d8d-4256-9c7c-cce4184fa048} aComponent={SessionMachine} aText={No storage device attached to device slot 1 on port 1 of controller 'IDE Controller'}, preserve=false
00:01:13.172543          ERROR [COM]: aRC=VBOX_E_OBJECT_NOT_FOUND (0x80bb0001) aIID={480cf695-2d8d-4256-9c7c-cce4184fa048} aComponent={SessionMachine} aText={No storage device attached to device slot 1 on port 1 of controller 'IDE Controller'}, preserve=false
00:01:13.227550          ERROR [COM]: aRC=E_FAIL (0x80004005) aIID={480cf695-2d8d-4256-9c7c-cce4184fa048} aComponent={SessionMachine} aText={This machine does not have any snapshots}, preserve=false
00:01:13.283557          ERROR [COM]: aRC=VBOX_E_OBJECT_NOT_FOUND (0x80bb0001) aIID={480cf695-2d8d-4256-9c7c-cce4184fa048} aComponent={SessionMachine} aText={No storage device attached to device slot 1 on port 0 of controller 'IDE Controller'}, preserve=false
00:01:13.284057          ERROR [COM]: aRC=VBOX_E_OBJECT_NOT_FOUND (0x80bb0001) aIID={480cf695-2d8d-4256-9c7c-cce4184fa048} aComponent={SessionMachine} aText={No storage device attached to device slot 1 on port 0 of controller 'IDE Controller'}, preserve=false
00:01:13.285057          ERROR [COM]: aRC=VBOX_E_OBJECT_NOT_FOUND (0x80bb0001) aIID={480cf695-2d8d-4256-9c7c-cce4184fa048} aComponent={SessionMachine} aText={No storage device attached to device slot 1 on port 1 of controller 'IDE Controller'}, preserve=false
00:01:13.285057          ERROR [COM]: aRC=VBOX_E_OBJECT_NOT_FOUND (0x80bb0001) aIID={480cf695-2d8d-4256-9c7c-cce4184fa048} aComponent={SessionMachine} aText={No storage device attached to device slot 1 on port 1 of controller 'IDE Controller'}, preserve=false
00:01:13.340064          ERROR [COM]: aRC=E_FAIL (0x80004005) aIID={480cf695-2d8d-4256-9c7c-cce4184fa048} aComponent={SessionMachine} aText={This machine does not have any snapshots}, preserve=false
00:04:53.306996          ERROR [COM]: aRC=VBOX_E_OBJECT_NOT_FOUND (0x80bb0001) aIID={480cf695-2d8d-4256-9c7c-cce4184fa048} aComponent={SessionMachine} aText={No storage device attached to device slot 1 on port 0 of controller 'IDE Controller'}, preserve=false
00:04:53.307496          ERROR [COM]: aRC=VBOX_E_OBJECT_NOT_FOUND (0x80bb0001) aIID={480cf695-2d8d-4256-9c7c-cce4184fa048} aComponent={SessionMachine} aText={No storage device attached to device slot 1 on port 0 of controller 'IDE Controller'}, preserve=false
00:04:53.308496          ERROR [COM]: aRC=VBOX_E_OBJECT_NOT_FOUND (0x80bb0001) aIID={480cf695-2d8d-4256-9c7c-cce4184fa048} aComponent={SessionMachine} aText={No storage device attached to device slot 1 on port 1 of controller 'IDE Controller'}, preserve=false
00:04:53.308496          ERROR [COM]: aRC=VBOX_E_OBJECT_NOT_FOUND (0x80bb0001) aIID={480cf695-2d8d-4256-9c7c-cce4184fa048} aComponent={SessionMachine} aText={No storage device attached to device slot 1 on port 1 of controller 'IDE Controller'}, preserve=false
00:04:53.362003          ERROR [COM]: aRC=E_FAIL (0x80004005) aIID={480cf695-2d8d-4256-9c7c-cce4184fa048} aComponent={SessionMachine} aText={This machine does not have any snapshots}, preserve=false
00:04:53.847565          ERROR [COM]: aRC=VBOX_E_OBJECT_NOT_FOUND (0x80bb0001) aIID={480cf695-2d8d-4256-9c7c-cce4184fa048} aComponent={SessionMachine} aText={No storage device attached to device slot 1 on port 0 of controller 'IDE Controller'}, preserve=false
00:04:53.847565          ERROR [COM]: aRC=VBOX_E_OBJECT_NOT_FOUND (0x80bb0001) aIID={480cf695-2d8d-4256-9c7c-cce4184fa048} aComponent={SessionMachine} aText={No storage device attached to device slot 1 on port 0 of controller 'IDE Controller'}, preserve=false
00:04:53.848565          ERROR [COM]: aRC=VBOX_E_OBJECT_NOT_FOUND (0x80bb0001) aIID={480cf695-2d8d-4256-9c7c-cce4184fa048} aComponent={SessionMachine} aText={No storage device attached to device slot 1 on port 1 of controller 'IDE Controller'}, preserve=false
00:04:53.848565          ERROR [COM]: aRC=VBOX_E_OBJECT_NOT_FOUND (0x80bb0001) aIID={480cf695-2d8d-4256-9c7c-cce4184fa048} aComponent={SessionMachine} aText={No storage device attached to device slot 1 on port 1 of controller 'IDE Controller'}, preserve=false
00:04:53.899071          ERROR [COM]: aRC=E_FAIL (0x80004005) aIID={480cf695-2d8d-4256-9c7c-cce4184fa048} aComponent={SessionMachine} aText={This machine does not have any snapshots}, preserve=false
00:04:54.154104          ERROR [COM]: aRC=VBOX_E_OBJECT_NOT_FOUND (0x80bb0001) aIID={480cf695-2d8d-4256-9c7c-cce4184fa048} aComponent={SessionMachine} aText={No storage device attached to device slot 1 on port 0 of controller 'IDE Controller'}, preserve=false
00:04:54.154104          ERROR [COM]: aRC=VBOX_E_OBJECT_NOT_FOUND (0x80bb0001) aIID={480cf695-2d8d-4256-9c7c-cce4184fa048} aComponent={SessionMachine} aText={No storage device attached to device slot 1 on port 0 of controller 'IDE Controller'}, preserve=false
00:04:54.155604          ERROR [COM]: aRC=VBOX_E_OBJECT_NOT_FOUND (0x80bb0001) aIID={480cf695-2d8d-4256-9c7c-cce4184fa048} aComponent={SessionMachine} aText={No storage device attached to device slot 1 on port 1 of controller 'IDE Controller'}, preserve=false
00:04:54.155604          ERROR [COM]: aRC=VBOX_E_OBJECT_NOT_FOUND (0x80bb0001) aIID={480cf695-2d8d-4256-9c7c-cce4184fa048} aComponent={SessionMachine} aText={No storage device attached to device slot 1 on port 1 of controller 'IDE Controller'}, preserve=false
00:04:54.208611          ERROR [COM]: aRC=E_FAIL (0x80004005) aIID={480cf695-2d8d-4256-9c7c-cce4184fa048} aComponent={SessionMachine} aText={This machine does not have any snapshots}, preserve=false
00:04:54.276119          ERROR [COM]: aRC=VBOX_E_OBJECT_NOT_FOUND (0x80bb0001) aIID={480cf695-2d8d-4256-9c7c-cce4184fa048} aComponent={SessionMachine} aText={No storage device attached to device slot 1 on port 0 of controller 'IDE Controller'}, preserve=false
00:04:54.276119          ERROR [COM]: aRC=VBOX_E_OBJECT_NOT_FOUND (0x80bb0001) aIID={480cf695-2d8d-4256-9c7c-cce4184fa048} aComponent={SessionMachine} aText={No storage device attached to device slot 1 on port 0 of controller 'IDE Controller'}, preserve=false
00:04:54.277119          ERROR [COM]: aRC=VBOX_E_OBJECT_NOT_FOUND (0x80bb0001) aIID={480cf695-2d8d-4256-9c7c-cce4184fa048} aComponent={SessionMachine} aText={No storage device attached to device slot 1 on port 1 of controller 'IDE Controller'}, preserve=false
00:04:54.277119          ERROR [COM]: aRC=VBOX_E_OBJECT_NOT_FOUND (0x80bb0001) aIID={480cf695-2d8d-4256-9c7c-cce4184fa048} aComponent={SessionMachine} aText={No storage device attached to device slot 1 on port 1 of controller 'IDE Controller'}, preserve=false
00:04:54.329126          ERROR [COM]: aRC=E_FAIL (0x80004005) aIID={480cf695-2d8d-4256-9c7c-cce4184fa048} aComponent={SessionMachine} aText={This machine does not have any snapshots}, preserve=false
00:04:54.395634          ERROR [COM]: aRC=VBOX_E_OBJECT_NOT_FOUND (0x80bb0001) aIID={480cf695-2d8d-4256-9c7c-cce4184fa048} aComponent={SessionMachine} aText={No storage device attached to device slot 1 on port 0 of controller 'IDE Controller'}, preserve=false
00:04:54.395634          ERROR [COM]: aRC=VBOX_E_OBJECT_NOT_FOUND (0x80bb0001) aIID={480cf695-2d8d-4256-9c7c-cce4184fa048} aComponent={SessionMachine} aText={No storage device attached to device slot 1 on port 0 of controller 'IDE Controller'}, preserve=false
00:04:54.396635          ERROR [COM]: aRC=VBOX_E_OBJECT_NOT_FOUND (0x80bb0001) aIID={480cf695-2d8d-4256-9c7c-cce4184fa048} aComponent={SessionMachine} aText={No storage device attached to device slot 1 on port 1 of controller 'IDE Controller'}, preserve=false
00:04:54.396635          ERROR [COM]: aRC=VBOX_E_OBJECT_NOT_FOUND (0x80bb0001) aIID={480cf695-2d8d-4256-9c7c-cce4184fa048} aComponent={SessionMachine} aText={No storage device attached to device slot 1 on port 1 of controller 'IDE Controller'}, preserve=false
00:04:54.449641          ERROR [COM]: aRC=E_FAIL (0x80004005) aIID={480cf695-2d8d-4256-9c7c-cce4184fa048} aComponent={SessionMachine} aText={This machine does not have any snapshots}, preserve=false
00:04:54.510649          ERROR [COM]: aRC=VBOX_E_OBJECT_NOT_FOUND (0x80bb0001) aIID={480cf695-2d8d-4256-9c7c-cce4184fa048} aComponent={SessionMachine} aText={No storage device attached to device slot 1 on port 0 of controller 'IDE Controller'}, preserve=false
00:04:54.510649          ERROR [COM]: aRC=VBOX_E_OBJECT_NOT_FOUND (0x80bb0001) aIID={480cf695-2d8d-4256-9c7c-cce4184fa048} aComponent={SessionMachine} aText={No storage device attached to device slot 1 on port 0 of controller 'IDE Controller'}, preserve=false
00:04:54.512149          ERROR [COM]: aRC=VBOX_E_OBJECT_NOT_FOUND (0x80bb0001) aIID={480cf695-2d8d-4256-9c7c-cce4184fa048} aComponent={SessionMachine} aText={No storage device attached to device slot 1 on port 1 of controller 'IDE Controller'}, preserve=false
00:04:54.512149          ERROR [COM]: aRC=VBOX_E_OBJECT_NOT_FOUND (0x80bb0001) aIID={480cf695-2d8d-4256-9c7c-cce4184fa048} aComponent={SessionMachine} aText={No storage device attached to device slot 1 on port 1 of controller 'IDE Controller'}, preserve=false
00:04:54.565656          ERROR [COM]: aRC=E_FAIL (0x80004005) aIID={480cf695-2d8d-4256-9c7c-cce4184fa048} aComponent={SessionMachine} aText={This machine does not have any snapshots}, preserve=false
00:15:41.577316          ERROR [COM]: aRC=VBOX_E_OBJECT_NOT_FOUND (0x80bb0001) aIID={480cf695-2d8d-4256-9c7c-cce4184fa048} aComponent={SessionMachine} aText={No storage device attached to device slot 1 on port 0 of controller 'IDE Controller'}, preserve=false
00:15:41.577316          ERROR [COM]: aRC=VBOX_E_OBJECT_NOT_FOUND (0x80bb0001) aIID={480cf695-2d8d-4256-9c7c-cce4184fa048} aComponent={SessionMachine} aText={No storage device attached to device slot 1 on port 0 of controller 'IDE Controller'}, preserve=false
00:15:41.578316          ERROR [COM]: aRC=VBOX_E_OBJECT_NOT_FOUND (0x80bb0001) aIID={480cf695-2d8d-4256-9c7c-cce4184fa048} aComponent={SessionMachine} aText={No storage device attached to device slot 1 on port 1 of controller 'IDE Controller'}, preserve=false
00:15:41.578316          ERROR [COM]: aRC=VBOX_E_OBJECT_NOT_FOUND (0x80bb0001) aIID={480cf695-2d8d-4256-9c7c-cce4184fa048} aComponent={SessionMachine} aText={No storage device attached to device slot 1 on port 1 of controller 'IDE Controller'}, preserve=false
00:15:41.634823          ERROR [COM]: aRC=E_FAIL (0x80004005) aIID={480cf695-2d8d-4256-9c7c-cce4184fa048} aComponent={SessionMachine} aText={This machine does not have any snapshots}, preserve=false
00:15:42.137887          ERROR [COM]: aRC=VBOX_E_OBJECT_NOT_FOUND (0x80bb0001) aIID={480cf695-2d8d-4256-9c7c-cce4184fa048} aComponent={SessionMachine} aText={No storage device attached to device slot 1 on port 0 of controller 'IDE Controller'}, preserve=false
00:15:42.137887          ERROR [COM]: aRC=VBOX_E_OBJECT_NOT_FOUND (0x80bb0001) aIID={480cf695-2d8d-4256-9c7c-cce4184fa048} aComponent={SessionMachine} aText={No storage device attached to device slot 1 on port 0 of controller 'IDE Controller'}, preserve=false
00:15:42.138887          ERROR [COM]: aRC=VBOX_E_OBJECT_NOT_FOUND (0x80bb0001) aIID={480cf695-2d8d-4256-9c7c-cce4184fa048} aComponent={SessionMachine} aText={No storage device attached to device slot 1 on port 1 of controller 'IDE Controller'}, preserve=false
00:15:42.139388          ERROR [COM]: aRC=VBOX_E_OBJECT_NOT_FOUND (0x80bb0001) aIID={480cf695-2d8d-4256-9c7c-cce4184fa048} aComponent={SessionMachine} aText={No storage device attached to device slot 1 on port 1 of controller 'IDE Controller'}, preserve=false
00:15:42.196395          ERROR [COM]: aRC=E_FAIL (0x80004005) aIID={480cf695-2d8d-4256-9c7c-cce4184fa048} aComponent={SessionMachine} aText={This machine does not have any snapshots}, preserve=false
00:15:46.161398          ERROR [COM]: aRC=VBOX_E_OBJECT_NOT_FOUND (0x80bb0001) aIID={480cf695-2d8d-4256-9c7c-cce4184fa048} aComponent={SessionMachine} aText={No storage device attached to device slot 1 on port 0 of controller 'IDE Controller'}, preserve=false
00:15:46.161398          ERROR [COM]: aRC=VBOX_E_OBJECT_NOT_FOUND (0x80bb0001) aIID={480cf695-2d8d-4256-9c7c-cce4184fa048} aComponent={SessionMachine} aText={No storage device attached to device slot 1 on port 0 of controller 'IDE Controller'}, preserve=false
00:15:46.162398          ERROR [COM]: aRC=VBOX_E_OBJECT_NOT_FOUND (0x80bb0001) aIID={480cf695-2d8d-4256-9c7c-cce4184fa048} aComponent={SessionMachine} aText={No storage device attached to device slot 1 on port 1 of controller 'IDE Controller'}, preserve=false
00:15:46.162398          ERROR [COM]: aRC=VBOX_E_OBJECT_NOT_FOUND (0x80bb0001) aIID={480cf695-2d8d-4256-9c7c-cce4184fa048} aComponent={SessionMachine} aText={No storage device attached to device slot 1 on port 1 of controller 'IDE Controller'}, preserve=false
00:15:46.219406          ERROR [COM]: aRC=E_FAIL (0x80004005) aIID={480cf695-2d8d-4256-9c7c-cce4184fa048} aComponent={SessionMachine} aText={This machine does not have any snapshots}, preserve=false
00:15:46.717469          ERROR [COM]: aRC=VBOX_E_OBJECT_NOT_FOUND (0x80bb0001) aIID={480cf695-2d8d-4256-9c7c-cce4184fa048} aComponent={SessionMachine} aText={No storage device attached to device slot 1 on port 0 of controller 'IDE Controller'}, preserve=false
00:15:46.717469          ERROR [COM]: aRC=VBOX_E_OBJECT_NOT_FOUND (0x80bb0001) aIID={480cf695-2d8d-4256-9c7c-cce4184fa048} aComponent={SessionMachine} aText={No storage device attached to device slot 1 on port 0 of controller 'IDE Controller'}, preserve=false
00:15:46.718969          ERROR [COM]: aRC=VBOX_E_OBJECT_NOT_FOUND (0x80bb0001) aIID={480cf695-2d8d-4256-9c7c-cce4184fa048} aComponent={SessionMachine} aText={No storage device attached to device slot 1 on port 1 of controller 'IDE Controller'}, preserve=false
00:15:46.718969          ERROR [COM]: aRC=VBOX_E_OBJECT_NOT_FOUND (0x80bb0001) aIID={480cf695-2d8d-4256-9c7c-cce4184fa048} aComponent={SessionMachine} aText={No storage device attached to device slot 1 on port 1 of controller 'IDE Controller'}, preserve=false
00:15:46.775476          ERROR [COM]: aRC=E_FAIL (0x80004005) aIID={480cf695-2d8d-4256-9c7c-cce4184fa048} aComponent={SessionMachine} aText={This machine does not have any snapshots}, preserve=false
00:15:46.856487          ERROR [COM]: aRC=VBOX_E_OBJECT_NOT_FOUND (0x80bb0001) aIID={480cf695-2d8d-4256-9c7c-cce4184fa048} aComponent={SessionMachine} aText={No storage device attached to device slot 1 on port 0 of controller 'IDE Controller'}, preserve=false
00:15:46.856987          ERROR [COM]: aRC=VBOX_E_OBJECT_NOT_FOUND (0x80bb0001) aIID={480cf695-2d8d-4256-9c7c-cce4184fa048} aComponent={SessionMachine} aText={No storage device attached to device slot 1 on port 0 of controller 'IDE Controller'}, preserve=false
00:15:46.858487          ERROR [COM]: aRC=VBOX_E_OBJECT_NOT_FOUND (0x80bb0001) aIID={480cf695-2d8d-4256-9c7c-cce4184fa048} aComponent={SessionMachine} aText={No storage device attached to device slot 1 on port 1 of controller 'IDE Controller'}, preserve=false
00:15:46.858487          ERROR [COM]: aRC=VBOX_E_OBJECT_NOT_FOUND (0x80bb0001) aIID={480cf695-2d8d-4256-9c7c-cce4184fa048} aComponent={SessionMachine} aText={No storage device attached to device slot 1 on port 1 of controller 'IDE Controller'}, preserve=false
00:15:46.911994          ERROR [COM]: aRC=E_FAIL (0x80004005) aIID={480cf695-2d8d-4256-9c7c-cce4184fa048} aComponent={SessionMachine} aText={This machine does not have any snapshots}, preserve=false
00:15:46.977502          ERROR [COM]: aRC=VBOX_E_OBJECT_NOT_FOUND (0x80bb0001) aIID={480cf695-2d8d-4256-9c7c-cce4184fa048} aComponent={SessionMachine} aText={No storage device attached to device slot 1 on port 0 of controller 'IDE Controller'}, preserve=false
00:15:46.977502          ERROR [COM]: aRC=VBOX_E_OBJECT_NOT_FOUND (0x80bb0001) aIID={480cf695-2d8d-4256-9c7c-cce4184fa048} aComponent={SessionMachine} aText={No storage device attached to device slot 1 on port 0 of controller 'IDE Controller'}, preserve=false
00:15:46.978502          ERROR [COM]: aRC=VBOX_E_OBJECT_NOT_FOUND (0x80bb0001) aIID={480cf695-2d8d-4256-9c7c-cce4184fa048} aComponent={SessionMachine} aText={No storage device attached to device slot 1 on port 1 of controller 'IDE Controller'}, preserve=false
00:15:46.978502          ERROR [COM]: aRC=VBOX_E_OBJECT_NOT_FOUND (0x80bb0001) aIID={480cf695-2d8d-4256-9c7c-cce4184fa048} aComponent={SessionMachine} aText={No storage device attached to device slot 1 on port 1 of controller 'IDE Controller'}, preserve=false
00:15:47.031509          ERROR [COM]: aRC=E_FAIL (0x80004005) aIID={480cf695-2d8d-4256-9c7c-cce4184fa048} aComponent={SessionMachine} aText={This machine does not have any snapshots}, preserve=false
00:15:47.099017          ERROR [COM]: aRC=VBOX_E_OBJECT_NOT_FOUND (0x80bb0001) aIID={480cf695-2d8d-4256-9c7c-cce4184fa048} aComponent={SessionMachine} aText={No storage device attached to device slot 1 on port 0 of controller 'IDE Controller'}, preserve=false
00:15:47.099017          ERROR [COM]: aRC=VBOX_E_OBJECT_NOT_FOUND (0x80bb0001) aIID={480cf695-2d8d-4256-9c7c-cce4184fa048} aComponent={SessionMachine} aText={No storage device attached to device slot 1 on port 0 of controller 'IDE Controller'}, preserve=false
00:15:47.100017          ERROR [COM]: aRC=VBOX_E_OBJECT_NOT_FOUND (0x80bb0001) aIID={480cf695-2d8d-4256-9c7c-cce4184fa048} aComponent={SessionMachine} aText={No storage device attached to device slot 1 on port 1 of controller 'IDE Controller'}, preserve=false
00:15:47.100517          ERROR [COM]: aRC=VBOX_E_OBJECT_NOT_FOUND (0x80bb0001) aIID={480cf695-2d8d-4256-9c7c-cce4184fa048} aComponent={SessionMachine} aText={No storage device attached to device slot 1 on port 1 of controller 'IDE Controller'}, preserve=false
00:15:47.157525          ERROR [COM]: aRC=E_FAIL (0x80004005) aIID={480cf695-2d8d-4256-9c7c-cce4184fa048} aComponent={SessionMachine} aText={This machine does not have any snapshots}, preserve=false
00:15:47.232034          ERROR [COM]: aRC=VBOX_E_OBJECT_NOT_FOUND (0x80bb0001) aIID={480cf695-2d8d-4256-9c7c-cce4184fa048} aComponent={SessionMachine} aText={No storage device attached to device slot 1 on port 0 of controller 'IDE Controller'}, preserve=false
00:15:47.232534          ERROR [COM]: aRC=VBOX_E_OBJECT_NOT_FOUND (0x80bb0001) aIID={480cf695-2d8d-4256-9c7c-cce4184fa048} aComponent={SessionMachine} aText={No storage device attached to device slot 1 on port 0 of controller 'IDE Controller'}, preserve=false
00:15:47.233534          ERROR [COM]: aRC=VBOX_E_OBJECT_NOT_FOUND (0x80bb0001) aIID={480cf695-2d8d-4256-9c7c-cce4184fa048} aComponent={SessionMachine} aText={No storage device attached to device slot 1 on port 1 of controller 'IDE Controller'}, preserve=false
00:15:47.233534          ERROR [COM]: aRC=VBOX_E_OBJECT_NOT_FOUND (0x80bb0001) aIID={480cf695-2d8d-4256-9c7c-cce4184fa048} aComponent={SessionMachine} aText={No storage device attached to device slot 1 on port 1 of controller 'IDE Controller'}, preserve=false
00:15:47.288041          ERROR [COM]: aRC=E_FAIL (0x80004005) aIID={480cf695-2d8d-4256-9c7c-cce4184fa048} aComponent={SessionMachine} aText={This machine does not have any snapshots}, preserve=false
00:15:53.693917 main     ERROR [COM]: aRC=VBOX_E_OBJECT_IN_USE (0x80bb000c) aIID={05f2bbb6-a3a6-4fb9-9b49-6d0dda7142ac} aComponent={Medium} aText={Medium 'C:\Users\sam\VirtualBox VMs\RaspberryPi\RaspberryPi-disk1.vmdk' cannot be closed because it is still attached to 1 virtual machines}, preserve=false
00:15:53.693917 main     ERROR [COM]: aRC=VBOX_E_OBJECT_IN_USE (0x80bb000c) aIID={05f2bbb6-a3a6-4fb9-9b49-6d0dda7142ac} aComponent={Medium} aText={Medium 'C:\Users\sam\VirtualBox VMs\LAMP\LAMP.vdi' cannot be closed because it is still attached to 1 virtual machines}, preserve=false
00:15:53.693917 main     ERROR [COM]: aRC=VBOX_E_OBJECT_IN_USE (0x80bb000c) aIID={05f2bbb6-a3a6-4fb9-9b49-6d0dda7142ac} aComponent={Medium} aText={Medium 'C:\Users\sam\VirtualBox VMs\sugar\sugar.vdi' cannot be closed because it is still attached to 1 virtual machines}, preserve=false
00:15:53.693917 main     ERROR [COM]: aRC=VBOX_E_OBJECT_IN_USE (0x80bb000c) aIID={05f2bbb6-a3a6-4fb9-9b49-6d0dda7142ac} aComponent={Medium} aText={Medium 'C:\Users\sam\VirtualBox VMs\vm\turnkey-mediawiki-12.0-squeeze-x86-disk1.vmdk' cannot be closed because it is still attached to 1 virtual machines}, preserve=false
00:15:53.694917 main     ERROR [COM]: aRC=VBOX_E_OBJECT_IN_USE (0x80bb000c) aIID={05f2bbb6-a3a6-4fb9-9b49-6d0dda7142ac} aComponent={Medium} aText={Medium 'C:\Users\sam\VirtualBox VMs\Ubuntu server\Ubuntu server.vdi' cannot be closed because it is still attached to 1 virtual machines}, preserve=false
00:15:53.694917 main     ERROR [COM]: aRC=VBOX_E_OBJECT_IN_USE (0x80bb000c) aIID={05f2bbb6-a3a6-4fb9-9b49-6d0dda7142ac} aComponent={Medium} aText={Medium 'C:\Users\sam\VirtualBox VMs\BSD 9.2\BSD 9.2.vdi' cannot be closed because it is still attached to 1 virtual machines}, preserve=false
00:15:53.694917 main     ERROR [COM]: aRC=VBOX_E_OBJECT_IN_USE (0x80bb000c) aIID={05f2bbb6-a3a6-4fb9-9b49-6d0dda7142ac} aComponent={Medium} aText={Medium 'C:\Users\sam\VirtualBox VMs\FreeNAS\FreeNAS.vdi' cannot be closed because it is still attached to 1 virtual machines}, preserve=false
00:15:53.694917 main     ERROR [COM]: aRC=VBOX_E_OBJECT_IN_USE (0x80bb000c) aIID={05f2bbb6-a3a6-4fb9-9b49-6d0dda7142ac} aComponent={Medium} aText={Medium 'C:\Users\sam\VirtualBox VMs\FreeNAS\FreeNAS Storage1.vdi' cannot be closed because it is still attached to 1 virtual machines}, preserve=false
00:15:53.694917 main     ERROR [COM]: aRC=VBOX_E_OBJECT_IN_USE (0x80bb000c) aIID={05f2bbb6-a3a6-4fb9-9b49-6d0dda7142ac} aComponent={Medium} aText={Medium 'C:\Users\sam\VirtualBox VMs\test\test.vdi' cannot be closed because it is still attached to 1 virtual machines}, preserve=false
00:15:53.694917 main     ERROR [COM]: aRC=E_ACCESSDENIED (0x80070005) aIID={480cf695-2d8d-4256-9c7c-cce4184fa048} aComponent={Machine} aText={The object is not ready}, preserve=false
00:15:53.694917 main     ERROR [COM]: aRC=E_ACCESSDENIED (0x80070005) aIID={480cf695-2d8d-4256-9c7c-cce4184fa048} aComponent={Machine} aText={The object is not ready}, preserve=false
00:15:53.694917 main     ERROR [COM]: aRC=E_ACCESSDENIED (0x80070005) aIID={480cf695-2d8d-4256-9c7c-cce4184fa048} aComponent={Machine} aText={The object is not ready}, preserve=false
00:15:53.694917 main     ERROR [COM]: aRC=E_ACCESSDENIED (0x80070005) aIID={480cf695-2d8d-4256-9c7c-cce4184fa048} aComponent={Machine} aText={The object is not ready}, preserve=false
00:15:53.694917 main     ERROR [COM]: aRC=E_ACCESSDENIED (0x80070005) aIID={480cf695-2d8d-4256-9c7c-cce4184fa048} aComponent={Machine} aText={The object is not ready}, preserve=false
00:15:53.694917 main     ERROR [COM]: aRC=E_ACCESSDENIED (0x80070005) aIID={480cf695-2d8d-4256-9c7c-cce4184fa048} aComponent={Machine} aText={The object is not ready}, preserve=false
00:15:53.694917 main     ERROR [COM]: aRC=E_ACCESSDENIED (0x80070005) aIID={480cf695-2d8d-4256-9c7c-cce4184fa048} aComponent={Machine} aText={The object is not ready}, preserve=false
00:15:53.694917 main     ERROR [COM]: aRC=E_ACCESSDENIED (0x80070005) aIID={480cf695-2d8d-4256-9c7c-cce4184fa048} aComponent={Machine} aText={The object is not ready}, preserve=false
00:15:53.694917 main     ERROR [COM]: aRC=E_ACCESSDENIED (0x80070005) aIID={480cf695-2d8d-4256-9c7c-cce4184fa048} aComponent={Machine} aText={The object is not ready}, preserve=false
00:15:53.694917 main     ERROR [COM]: aRC=E_ACCESSDENIED (0x80070005) aIID={480cf695-2d8d-4256-9c7c-cce4184fa048} aComponent={Machine} aText={The object is not ready}, preserve=false
00:15:53.694917 main     ERROR [COM]: aRC=E_ACCESSDENIED (0x80070005) aIID={480cf695-2d8d-4256-9c7c-cce4184fa048} aComponent={Machine} aText={The object is not ready}, preserve=false
00:15:53.694917 main     ERROR [COM]: aRC=E_ACCESSDENIED (0x80070005) aIID={480cf695-2d8d-4256-9c7c-cce4184fa048} aComponent={Machine} aText={The object is not ready}, preserve=false
00:15:53.694917 main     ERROR [COM]: aRC=E_ACCESSDENIED (0x80070005) aIID={480cf695-2d8d-4256-9c7c-cce4184fa048} aComponent={Machine} aText={The object is not ready}, preserve=false
00:15:53.694917 main     ERROR [COM]: aRC=E_ACCESSDENIED (0x80070005) aIID={480cf695-2d8d-4256-9c7c-cce4184fa048} aComponent={Machine} aText={The object is not ready}, preserve=false
00:15:53.694917 main     ERROR [COM]: aRC=VBOX_E_OBJECT_IN_USE (0x80bb000c) aIID={05f2bbb6-a3a6-4fb9-9b49-6d0dda7142ac} aComponent={Medium} aText={Medium 'C:\Users\sam\VirtualBox VMs\test\NewVirtualDisk3.vdi' cannot be closed because it is still attached to 1 virtual machines}, preserve=false
00:15:53.694917 main     ERROR [COM]: aRC=VBOX_E_OBJECT_IN_USE (0x80bb000c) aIID={05f2bbb6-a3a6-4fb9-9b49-6d0dda7142ac} aComponent={Medium} aText={Medium 'C:\Users\sam\VirtualBox VMs\test\NewVirtualDisk4.vdi' cannot be closed because it is still attached to 1 virtual machines}, preserve=false
00:15:53.695917 main     ERROR [COM]: aRC=VBOX_E_OBJECT_IN_USE (0x80bb000c) aIID={05f2bbb6-a3a6-4fb9-9b49-6d0dda7142ac} aComponent={Medium} aText={Medium 'C:\Users\sam\VirtualBox VMs\icinga\icinga.vdi' cannot be closed because it is still attached to 1 virtual machines}, preserve=false
00:15:53.696917 Watcher  ERROR [COM]: aRC=E_ACCESSDENIED (0x80070005) aIID={fafa4e17-1ee2-4905-a10e-fe7c18bf5554} aComponent={VirtualBox} aText={The object is not ready}, preserve=false
